{"level":"info","message":"Created info log file: mssqlTileMaker.log","timestamp":"2017-01-18T15:10:30.929Z"}
{"level":"info","message":"Connected to SQL server using: {\n    \"driver\": \"msnodesqlv8\",\n    \"server\": \"localhost\",\n    \"database\": \"\",\n    \"options\": {\n        \"trustedConnection\": true,\n        \"useUTC\": true,\n        \"appName\": \"mssqlTileMaker.js\"\n    },\n    \"port\": 1433,\n    \"stream\": false,\n    \"parseJSON\": false\n}; log level: info","timestamp":"2017-01-18T15:10:31.042Z"}
{"level":"info","message":"SQL Server path OK","timestamp":"2017-01-18T15:10:31.058Z"}
{"level":"info","message":"Creating hierarchy CSV file: C:/Users/Peter/AppData/Local/Temp/shpConvert/6fc74947-4ef0-488d-a38c-dff96dabb3d3/data/hierarchy_sahsuland.csv for SAHSULAND: SAHSU Example geography","timestamp":"2017-01-18T15:10:31.058Z"}
{"level":"info","message":"Creating lookup CSV file: C:/Users/Peter/AppData/Local/Temp/shpConvert/6fc74947-4ef0-488d-a38c-dff96dabb3d3/data/lookup_sahsu_grd_level1.csv for SAHSULAND: SAHSU Example geography","timestamp":"2017-01-18T15:10:31.183Z"}
{"level":"info","message":"Creating lookup CSV file: C:/Users/Peter/AppData/Local/Temp/shpConvert/6fc74947-4ef0-488d-a38c-dff96dabb3d3/data/lookup_sahsu_grd_level2.csv for SAHSULAND: SAHSU Example geography","timestamp":"2017-01-18T15:10:31.198Z"}
{"level":"info","message":"Creating lookup CSV file: C:/Users/Peter/AppData/Local/Temp/shpConvert/6fc74947-4ef0-488d-a38c-dff96dabb3d3/data/lookup_sahsu_grd_level3.csv for SAHSULAND: SAHSU Example geography","timestamp":"2017-01-18T15:10:31.198Z"}
{"level":"info","message":"Creating lookup CSV file: C:/Users/Peter/AppData/Local/Temp/shpConvert/6fc74947-4ef0-488d-a38c-dff96dabb3d3/data/lookup_sahsu_grd_level4.csv for SAHSULAND: SAHSU Example geography","timestamp":"2017-01-18T15:10:31.214Z"}
{"level":"info","message":"Creating geometry CSV file: C:/Users/Peter/AppData/Local/Temp/shpConvert/6fc74947-4ef0-488d-a38c-dff96dabb3d3/data/mssql_geometry_sahsuland.csv for SAHSULAND: SAHSU Example geography","timestamp":"2017-01-18T15:10:31.323Z"}
{"level":"info","message":"Created tile blocks table: tile_blocks_sahsuland","timestamp":"2017-01-18T15:10:35.464Z"}
{"level":"info","message":"Processing geography_SAHSULAND\nDescription: SAHSU Example geography","timestamp":"2017-01-18T15:10:35.464Z"}
{"level":"info","message":"Zoomlevels to process per geolevel: 11","timestamp":"2017-01-18T15:10:35.480Z"}
{"level":"info","message":"Creating tile CSV file: C:/Users/Peter/AppData/Local/Temp/shpConvert/6fc74947-4ef0-488d-a38c-dff96dabb3d3/data/t_tiles_sahsu_grd_level1.csv","timestamp":"2017-01-18T15:10:35.542Z"}
{"level":"info","message":"Geolevel: 1; zooomlevel: 0; block: 1/1; 1 tile intersects processed; 1 tiles in 0.078 S; 12.82 tiles/S; total: 1 tiles in 4.609 S; size: 47.13KB","timestamp":"2017-01-18T15:10:35.746Z"}
{"level":"info","message":"Geolevel: 1; zooomlevel: 1; END block: 0/0; 0 tile intersects processed no tiles in 0 S; total: 1 tiles in 4.719 S; size: 47.13KB","timestamp":"2017-01-18T15:10:35.777Z"}
{"level":"info","message":"Geolevel: 1; zooomlevel: 2; END block: 0/0; 0 tile intersects processed no tiles in 0 S; total: 1 tiles in 4.719 S; size: 47.13KB","timestamp":"2017-01-18T15:10:35.777Z"}
{"level":"info","message":"Geolevel: 1; zooomlevel: 3; END block: 0/0; 0 tile intersects processed no tiles in 0.015 S; total: 1 tiles in 4.734 S; size: 47.13KB","timestamp":"2017-01-18T15:10:35.792Z"}
{"level":"info","message":"Geolevel: 1; zooomlevel: 4; END block: 0/0; 0 tile intersects processed no tiles in 0 S; total: 1 tiles in 4.734 S; size: 47.13KB","timestamp":"2017-01-18T15:10:35.792Z"}
{"level":"info","message":"Geolevel: 1; zooomlevel: 5; END block: 0/0; 0 tile intersects processed no tiles in 0 S; total: 1 tiles in 4.734 S; size: 47.13KB","timestamp":"2017-01-18T15:10:35.792Z"}
{"level":"info","message":"Geolevel: 1; zooomlevel: 6; END block: 0/0; 0 tile intersects processed no tiles in 0.016 S; total: 1 tiles in 4.75 S; size: 47.13KB","timestamp":"2017-01-18T15:10:35.808Z"}
{"level":"info","message":"Geolevel: 1; zooomlevel: 7; END block: 0/0; 0 tile intersects processed no tiles in 0 S; total: 1 tiles in 4.75 S; size: 47.13KB","timestamp":"2017-01-18T15:10:35.808Z"}
{"level":"info","message":"Geolevel: 1; zooomlevel: 8; END block: 0/0; 0 tile intersects processed no tiles in 0 S; total: 1 tiles in 4.75 S; size: 47.13KB","timestamp":"2017-01-18T15:10:35.808Z"}
{"level":"info","message":"Geolevel: 1; zooomlevel: 9; END block: 0/0; 0 tile intersects processed no tiles in 0.016 S; total: 1 tiles in 4.766 S; size: 47.13KB","timestamp":"2017-01-18T15:10:35.824Z"}
{"level":"info","message":"Geolevel: 1; zooomlevel: 10; END block: 0/0; 0 tile intersects processed no tiles in 0 S; total: 1 tiles in 4.766 S; size: 47.13KB","timestamp":"2017-01-18T15:10:35.824Z"}
{"level":"info","message":"Geolevel: 1; zooomlevel: 11; END block: 0/0; 0 tile intersects processed no tiles in 0 S; total: 1 tiles in 4.766 S; size: 47.13KB","timestamp":"2017-01-18T15:10:35.824Z"}
{"level":"info","message":"Creating tile CSV file: C:/Users/Peter/AppData/Local/Temp/shpConvert/6fc74947-4ef0-488d-a38c-dff96dabb3d3/data/t_tiles_sahsu_grd_level2.csv","timestamp":"2017-01-18T15:10:35.839Z"}
{"level":"info","message":"Geolevel: 2; zooomlevel: 0; block: 1/1; 17 tile intersects processed; 1 tiles in 0.068 S; 14.71 tiles/S; total: 2 tiles in 4.849 S; size: 150.87KB","timestamp":"2017-01-18T15:10:36.001Z"}
{"level":"info","message":"Geolevel: 2; zooomlevel: 1; block: 1/1; 17 tile intersects processed; 1 tiles in 0.046 S; 21.74 tiles/S; total: 3 tiles in 5.005 S; size: 254.61KB","timestamp":"2017-01-18T15:10:36.157Z"}
{"level":"info","message":"Geolevel: 2; zooomlevel: 2; block: 1/1; 17 tile intersects processed; 1 tiles in 0.063 S; 15.87 tiles/S; total: 4 tiles in 5.162 S; size: 358.36KB","timestamp":"2017-01-18T15:10:36.292Z"}
{"level":"info","message":"Geolevel: 2; zooomlevel: 3; block: 1/1; 17 tile intersects processed; 1 tiles in 0.046 S; 21.74 tiles/S; total: 5 tiles in 5.296 S; size: 462.1KB","timestamp":"2017-01-18T15:10:36.433Z"}
{"level":"info","message":"Geolevel: 2; zooomlevel: 4; block: 1/1; 17 tile intersects processed; 1 tiles in 0.062 S; 16.13 tiles/S; total: 6 tiles in 5.437 S; size: 565.85KB","timestamp":"2017-01-18T15:10:36.636Z"}
{"level":"info","message":"Geolevel: 2; zooomlevel: 5; block: 1/1; 17 tile intersects processed; 1 tiles in 0.047 S; 21.28 tiles/S; total: 7 tiles in 5.625 S; size: 669.66KB","timestamp":"2017-01-18T15:10:36.761Z"}
{"level":"info","message":"Geolevel: 2; zooomlevel: 6; block: 1/1; 21 tile intersects processed; 2 tiles in 0.063 S; 31.75 tiles/S; total: 9 tiles in 5.781 S; size: 816.96KB","timestamp":"2017-01-18T15:10:36.933Z"}
{"level":"info","message":"Geolevel: 2; zooomlevel: 7; block: 1/1; 28 tile intersects processed; 4 tiles in 0.125 S; 32 tiles/S; total: 13 tiles in 6.015 S; size: 1.06MB","timestamp":"2017-01-18T15:10:37.245Z"}
{"level":"info","message":"Geolevel: 2; zooomlevel: 8; block: 1/2; 42 tile intersects processed; 9 tiles in 0.187 S; 48.13 tiles/S; total: 22 tiles in 6.39 S; size: 1.59MB","timestamp":"2017-01-18T15:10:37.776Z"}
{"level":"info","message":"Geolevel: 2; zooomlevel: 8; block: 2/2; 5 tile intersects processed; 2 tiles in 0.031 S; 64.52 tiles/S; total: 24 tiles in 6.781 S; size: 1.67MB","timestamp":"2017-01-18T15:10:37.901Z"}
{"level":"info","message":"Geolevel: 2; zooomlevel: 9; block: 1/3; 20 tile intersects processed; 9 tiles in 0.141 S; 63.83 tiles/S; total: 33 tiles in 6.984 S; size: 2MB","timestamp":"2017-01-18T15:10:38.223Z"}
{"level":"info","message":"Geolevel: 2; zooomlevel: 9; block: 2/3; 40 tile intersects processed; 10 tiles in 0.25 S; 40 tiles/S; total: 43 tiles in 7.422 S; size: 2.64MB","timestamp":"2017-01-18T15:10:38.902Z"}
{"level":"info","message":"Geolevel: 2; zooomlevel: 9; block: 3/3; 20 tile intersects processed; 10 tiles in 0.157 S; 63.69 tiles/S; total: 53 tiles in 8.032 S; size: 3.11MB","timestamp":"2017-01-18T15:10:39.324Z"}
{"level":"info","message":"Geolevel: 2; zooomlevel: 10; block: 1/10; 10 tile intersects processed; 9 tiles in 0.07 S; 128.57 tiles/S; total: 62 tiles in 8.367 S; size: 3.34MB","timestamp":"2017-01-18T15:10:39.519Z"}
{"level":"info","message":"Geolevel: 2; zooomlevel: 10; block: 2/10; 14 tile intersects processed; 10 tiles in 0.109 S; 91.74 tiles/S; total: 72 tiles in 8.586 S; size: 3.68MB","timestamp":"2017-01-18T15:10:39.793Z"}
{"level":"info","message":"Geolevel: 2; zooomlevel: 10; block: 3/10; 23 tile intersects processed; 10 tiles in 0.168 S; 59.52 tiles/S; total: 82 tiles in 8.934 S; size: 4.14MB","timestamp":"2017-01-18T15:10:40.261Z"}
{"level":"info","message":"Geolevel: 2; zooomlevel: 10; block: 4/10; 24 tile intersects processed; 10 tiles in 0.172 S; 58.14 tiles/S; total: 92 tiles in 9.406 S; size: 4.63MB","timestamp":"2017-01-18T15:10:40.714Z"}
{"level":"info","message":"Geolevel: 2; zooomlevel: 10; block: 5/10; 21 tile intersects processed; 10 tiles in 0.172 S; 58.14 tiles/S; total: 102 tiles in 9.859 S; size: 5.13MB","timestamp":"2017-01-18T15:10:41.182Z"}
{"level":"info","message":"Geolevel: 2; zooomlevel: 10; block: 6/10; 35 tile intersects processed; 10 tiles in 0.281 S; 35.59 tiles/S; total: 112 tiles in 10.438 S; size: 5.94MB","timestamp":"2017-01-18T15:10:41.980Z"}
{"level":"info","message":"Geolevel: 2; zooomlevel: 10; block: 7/10; 20 tile intersects processed; 10 tiles in 0.172 S; 58.14 tiles/S; total: 122 tiles in 11.141 S; size: 6.51MB","timestamp":"2017-01-18T15:10:42.511Z"}
{"level":"info","message":"Geolevel: 2; zooomlevel: 10; block: 8/10; 15 tile intersects processed; 10 tiles in 0.141 S; 70.92 tiles/S; total: 132 tiles in 11.625 S; size: 6.98MB","timestamp":"2017-01-18T15:10:42.902Z"}
{"level":"info","message":"Geolevel: 2; zooomlevel: 10; block: 9/10; 13 tile intersects processed; 10 tiles in 0.127 S; 78.74 tiles/S; total: 142 tiles in 12.002 S; size: 7.41MB","timestamp":"2017-01-18T15:10:43.246Z"}
{"level":"info","message":"Geolevel: 2; zooomlevel: 10; block: 10/10; 3 tile intersects processed; 3 tiles in 0.031 S; 96.77 tiles/S; total: 145 tiles in 12.25 S; size: 7.52MB","timestamp":"2017-01-18T15:10:43.355Z"}
{"level":"info","message":"Geolevel: 2; zooomlevel: 11; block: 1/24; 9 tile intersects processed; 9 tiles in 0.078 S; 115.38 tiles/S; total: 154 tiles in 12.391 S; size: 7.78MB","timestamp":"2017-01-18T15:10:43.558Z"}
{"level":"info","message":"Geolevel: 2; zooomlevel: 11; block: 2/24; 11 tile intersects processed; 10 tiles in 0.094 S; 106.38 tiles/S; total: 164 tiles in 12.61 S; size: 8.14MB","timestamp":"2017-01-18T15:10:43.839Z"}
{"level":"info","message":"Geolevel: 2; zooomlevel: 11; block: 3/24; 11 tile intersects processed; 10 tiles in 0.099 S; 101.01 tiles/S; total: 174 tiles in 12.896 S; size: 8.48MB","timestamp":"2017-01-18T15:10:44.126Z"}
{"level":"info","message":"Geolevel: 2; zooomlevel: 11; block: 4/24; 10 tile intersects processed; 10 tiles in 0.089 S; 112.36 tiles/S; total: 184 tiles in 13.188 S; size: 8.83MB","timestamp":"2017-01-18T15:10:44.402Z"}
{"level":"info","message":"Geolevel: 2; zooomlevel: 11; block: 5/24; 15 tile intersects processed; 10 tiles in 0.125 S; 80 tiles/S; total: 194 tiles in 13.484 S; size: 9.24MB","timestamp":"2017-01-18T15:10:44.745Z"}
{"level":"info","message":"Geolevel: 2; zooomlevel: 11; block: 6/24; 22 tile intersects processed; 10 tiles in 0.228 S; 43.86 tiles/S; total: 204 tiles in 13.931 S; size: 9.89MB","timestamp":"2017-01-18T15:10:45.355Z"}
{"level":"info","message":"Geolevel: 2; zooomlevel: 11; block: 7/24; 15 tile intersects processed; 10 tiles in 0.094 S; 106.38 tiles/S; total: 214 tiles in 14.469 S; size: 10.25MB","timestamp":"2017-01-18T15:10:45.699Z"}
{"level":"info","message":"Geolevel: 2; zooomlevel: 11; block: 8/24; 22 tile intersects processed; 10 tiles in 0.234 S; 42.74 tiles/S; total: 224 tiles in 14.922 S; size: 10.94MB","timestamp":"2017-01-18T15:10:46.371Z"}
{"level":"info","message":"Geolevel: 2; zooomlevel: 11; block: 9/24; 20 tile intersects processed; 10 tiles in 0.172 S; 58.14 tiles/S; total: 234 tiles in 15.516 S; size: 11.48MB","timestamp":"2017-01-18T15:10:46.855Z"}
{"level":"info","message":"Geolevel: 2; zooomlevel: 11; block: 10/24; 25 tile intersects processed; 10 tiles in 0.235 S; 42.55 tiles/S; total: 244 tiles in 16.063 S; size: 12.2MB","timestamp":"2017-01-18T15:10:47.513Z"}
{"level":"info","message":"Geolevel: 2; zooomlevel: 11; block: 11/24; 20 tile intersects processed; 10 tiles in 0.203 S; 49.26 tiles/S; total: 254 tiles in 16.689 S; size: 12.79MB","timestamp":"2017-01-18T15:10:48.103Z"}
{"level":"info","message":"Geolevel: 2; zooomlevel: 11; block: 12/24; 17 tile intersects processed; 10 tiles in 0.209 S; 47.85 tiles/S; total: 264 tiles in 17.3 S; size: 13.34MB","timestamp":"2017-01-18T15:10:48.639Z"}
{"level":"info","message":"Geolevel: 2; zooomlevel: 11; block: 13/24; 25 tile intersects processed; 10 tiles in 0.266 S; 37.59 tiles/S; total: 274 tiles in 17.878 S; size: 14.14MB","timestamp":"2017-01-18T15:10:49.368Z"}
{"level":"info","message":"Geolevel: 2; zooomlevel: 11; block: 14/24; 15 tile intersects processed; 10 tiles in 0.156 S; 64.1 tiles/S; total: 284 tiles in 18.498 S; size: 14.69MB","timestamp":"2017-01-18T15:10:49.808Z"}
{"level":"info","message":"Geolevel: 2; zooomlevel: 11; block: 15/24; 23 tile intersects processed; 10 tiles in 0.261 S; 38.31 tiles/S; total: 294 tiles in 19.042 S; size: 15.48MB","timestamp":"2017-01-18T15:10:50.538Z"}
{"level":"info","message":"Geolevel: 2; zooomlevel: 11; block: 16/24; 21 tile intersects processed; 10 tiles in 0.242 S; 41.32 tiles/S; total: 304 tiles in 19.753 S; size: 16.2MB","timestamp":"2017-01-18T15:10:51.217Z"}
{"level":"info","message":"Geolevel: 2; zooomlevel: 11; block: 17/24; 20 tile intersects processed; 10 tiles in 0.219 S; 45.66 tiles/S; total: 314 tiles in 20.419 S; size: 16.92MB","timestamp":"2017-01-18T15:10:51.868Z"}
{"level":"info","message":"Geolevel: 2; zooomlevel: 11; block: 18/24; 15 tile intersects processed; 10 tiles in 0.172 S; 58.14 tiles/S; total: 324 tiles in 21.019 S; size: 17.51MB","timestamp":"2017-01-18T15:10:52.369Z"}
{"level":"info","message":"Geolevel: 2; zooomlevel: 11; block: 19/24; 19 tile intersects processed; 10 tiles in 0.219 S; 45.66 tiles/S; total: 334 tiles in 21.561 S; size: 18.21MB","timestamp":"2017-01-18T15:10:52.994Z"}
{"level":"info","message":"Geolevel: 2; zooomlevel: 11; block: 20/24; 14 tile intersects processed; 10 tiles in 0.177 S; 56.5 tiles/S; total: 344 tiles in 22.144 S; size: 18.77MB","timestamp":"2017-01-18T15:10:53.465Z"}
{"level":"info","message":"Geolevel: 2; zooomlevel: 11; block: 21/24; 13 tile intersects processed; 10 tiles in 0.156 S; 64.1 tiles/S; total: 354 tiles in 22.594 S; size: 19.33MB","timestamp":"2017-01-18T15:10:53.896Z"}
{"level":"info","message":"Geolevel: 2; zooomlevel: 11; block: 22/24; 10 tile intersects processed; 10 tiles in 0.125 S; 80 tiles/S; total: 364 tiles in 22.995 S; size: 19.76MB","timestamp":"2017-01-18T15:10:54.247Z"}
{"level":"info","message":"Geolevel: 2; zooomlevel: 11; block: 23/24; 10 tile intersects processed; 10 tiles in 0.109 S; 91.74 tiles/S; total: 374 tiles in 23.329 S; size: 20.22MB","timestamp":"2017-01-18T15:10:54.575Z"}
{"level":"info","message":"Geolevel: 2; zooomlevel: 11; block: 24/24; 6 tile intersects processed; 6 tiles in 0.086 S; 69.77 tiles/S; total: 380 tiles in 23.634 S; size: 20.47MB","timestamp":"2017-01-18T15:10:54.792Z"}
{"level":"info","message":"Creating tile CSV file: C:/Users/Peter/AppData/Local/Temp/shpConvert/6fc74947-4ef0-488d-a38c-dff96dabb3d3/data/t_tiles_sahsu_grd_level3.csv","timestamp":"2017-01-18T15:10:54.808Z"}
{"level":"info","message":"Geolevel: 3; zooomlevel: 0; block: 1/1; 200 tile intersects processed; 1 tiles in 0.14 S; 7.14 tiles/S; total: 381 tiles in 23.906 S; size: 20.73MB","timestamp":"2017-01-18T15:10:55.160Z"}
{"level":"info","message":"Geolevel: 3; zooomlevel: 1; block: 1/1; 200 tile intersects processed; 1 tiles in 0.151 S; 6.62 tiles/S; total: 382 tiles in 24.268 S; size: 20.98MB","timestamp":"2017-01-18T15:10:55.529Z"}
{"level":"info","message":"Geolevel: 3; zooomlevel: 2; block: 1/1; 200 tile intersects processed; 1 tiles in 0.187 S; 5.35 tiles/S; total: 383 tiles in 24.674 S; size: 21.24MB","timestamp":"2017-01-18T15:10:55.926Z"}
{"level":"info","message":"Geolevel: 3; zooomlevel: 3; block: 1/1; 200 tile intersects processed; 1 tiles in 0.125 S; 8 tiles/S; total: 384 tiles in 25.008 S; size: 21.49MB","timestamp":"2017-01-18T15:10:56.264Z"}
{"level":"info","message":"Geolevel: 3; zooomlevel: 4; block: 1/1; 200 tile intersects processed; 1 tiles in 0.14 S; 7.14 tiles/S; total: 385 tiles in 25.346 S; size: 21.75MB","timestamp":"2017-01-18T15:10:56.592Z"}
{"level":"info","message":"Geolevel: 3; zooomlevel: 5; block: 1/1; 200 tile intersects processed; 1 tiles in 0.149 S; 6.71 tiles/S; total: 386 tiles in 25.699 S; size: 22MB","timestamp":"2017-01-18T15:10:56.978Z"}
{"level":"info","message":"Geolevel: 3; zooomlevel: 6; block: 1/1; 207 tile intersects processed; 2 tiles in 0.172 S; 11.63 tiles/S; total: 388 tiles in 26.094 S; size: 22.3MB","timestamp":"2017-01-18T15:10:57.405Z"}
{"level":"info","message":"Geolevel: 3; zooomlevel: 7; block: 1/1; 221 tile intersects processed; 4 tiles in 0.266 S; 15.04 tiles/S; total: 392 tiles in 26.644 S; size: 22.75MB","timestamp":"2017-01-18T15:10:58.075Z"}
{"level":"info","message":"Geolevel: 3; zooomlevel: 8; block: 1/2; 257 tile intersects processed; 9 tiles in 0.357 S; 25.21 tiles/S; total: 401 tiles in 27.41 S; size: 23.5MB","timestamp":"2017-01-18T15:10:59.006Z"}
{"level":"info","message":"Geolevel: 3; zooomlevel: 8; block: 2/2; 6 tile intersects processed; 2 tiles in 0.016 S; 125 tiles/S; total: 403 tiles in 27.997 S; size: 23.57MB","timestamp":"2017-01-18T15:10:59.102Z"}
{"level":"info","message":"Geolevel: 3; zooomlevel: 9; block: 1/3; 94 tile intersects processed; 9 tiles in 0.163 S; 55.21 tiles/S; total: 412 tiles in 28.207 S; size: 23.98MB","timestamp":"2017-01-18T15:10:59.500Z"}
{"level":"info","message":"Geolevel: 3; zooomlevel: 9; block: 2/3; 192 tile intersects processed; 10 tiles in 0.324 S; 30.86 tiles/S; total: 422 tiles in 28.797 S; size: 24.77MB","timestamp":"2017-01-18T15:11:00.392Z"}
{"level":"info","message":"Geolevel: 3; zooomlevel: 9; block: 3/3; 31 tile intersects processed; 10 tiles in 0.156 S; 64.1 tiles/S; total: 432 tiles in 29.521 S; size: 25.23MB","timestamp":"2017-01-18T15:11:00.829Z"}
{"level":"info","message":"Geolevel: 3; zooomlevel: 10; block: 1/10; 12 tile intersects processed; 9 tiles in 0.047 S; 191.49 tiles/S; total: 441 tiles in 29.85 S; size: 25.41MB","timestamp":"2017-01-18T15:11:00.986Z"}
{"level":"info","message":"Geolevel: 3; zooomlevel: 10; block: 2/10; 40 tile intersects processed; 10 tiles in 0.125 S; 80 tiles/S; total: 451 tiles in 30.068 S; size: 25.79MB","timestamp":"2017-01-18T15:11:01.331Z"}
{"level":"info","message":"mssqlTilesInsert2() [0] Recvoer from HY104 ERROR redo: Insert 0/1 OK","timestamp":"2017-01-18T15:11:01.362Z"}
{"level":"info","message":"Geolevel: 3; zooomlevel: 10; block: 3/10; 62 tile intersects processed; 10 tiles in 0.156 S; 64.1 tiles/S; total: 461 tiles in 30.46 S; size: 26.21MB","timestamp":"2017-01-18T15:11:01.784Z"}
{"level":"info","message":"Geolevel: 3; zooomlevel: 10; block: 4/10; 75 tile intersects processed; 10 tiles in 0.171 S; 58.48 tiles/S; total: 471 tiles in 30.913 S; size: 26.7MB","timestamp":"2017-01-18T15:11:02.285Z"}
{"level":"info","message":"Geolevel: 3; zooomlevel: 10; block: 5/10; 104 tile intersects processed; 10 tiles in 0.204 S; 49.02 tiles/S; total: 481 tiles in 31.462 S; size: 27.23MB","timestamp":"2017-01-18T15:11:02.832Z"}
{"level":"info","message":"Geolevel: 3; zooomlevel: 10; block: 6/10; 91 tile intersects processed; 10 tiles in 0.286 S; 34.97 tiles/S; total: 491 tiles in 32.076 S; size: 27.99MB","timestamp":"2017-01-18T15:11:03.583Z"}
{"level":"info","message":"Geolevel: 3; zooomlevel: 10; block: 7/10; 40 tile intersects processed; 10 tiles in 0.203 S; 49.26 tiles/S; total: 501 tiles in 32.759 S; size: 28.6MB","timestamp":"2017-01-18T15:11:04.198Z"}
{"level":"info","message":"Geolevel: 3; zooomlevel: 10; block: 8/10; 21 tile intersects processed; 10 tiles in 0.136 S; 73.53 tiles/S; total: 511 tiles in 33.307 S; size: 29.04MB","timestamp":"2017-01-18T15:11:04.584Z"}
{"level":"info","message":"Geolevel: 3; zooomlevel: 10; block: 9/10; 16 tile intersects processed; 10 tiles in 0.127 S; 78.74 tiles/S; total: 521 tiles in 33.669 S; size: 29.43MB","timestamp":"2017-01-18T15:11:04.902Z"}
{"level":"info","message":"Geolevel: 3; zooomlevel: 10; block: 10/10; 6 tile intersects processed; 4 tiles in 0.047 S; 85.11 tiles/S; total: 525 tiles in 33.922 S; size: 29.58MB","timestamp":"2017-01-18T15:11:05.058Z"}
{"level":"info","message":"Geolevel: 3; zooomlevel: 11; block: 1/28; 12 tile intersects processed; 9 tiles in 0.063 S; 142.86 tiles/S; total: 534 tiles in 34.078 S; size: 29.78MB","timestamp":"2017-01-18T15:11:05.250Z"}
{"level":"info","message":"mssqlTilesInsert2() [0] Recvoer from HY104 ERROR redo: Insert 0/1 OK","timestamp":"2017-01-18T15:11:05.257Z"}
{"level":"info","message":"Geolevel: 3; zooomlevel: 11; block: 2/28; 11 tile intersects processed; 10 tiles in 0.047 S; 212.77 tiles/S; total: 544 tiles in 34.246 S; size: 29.97MB","timestamp":"2017-01-18T15:11:05.397Z"}
{"level":"info","message":"Geolevel: 3; zooomlevel: 11; block: 3/28; 21 tile intersects processed; 10 tiles in 0.109 S; 91.74 tiles/S; total: 554 tiles in 34.464 S; size: 30.33MB","timestamp":"2017-01-18T15:11:05.694Z"}
{"level":"info","message":"Geolevel: 3; zooomlevel: 11; block: 4/28; 12 tile intersects processed; 10 tiles in 0.063 S; 158.73 tiles/S; total: 564 tiles in 34.723 S; size: 30.54MB","timestamp":"2017-01-18T15:11:05.878Z"}
{"level":"info","message":"Geolevel: 3; zooomlevel: 11; block: 5/28; 38 tile intersects processed; 10 tiles in 0.141 S; 70.92 tiles/S; total: 574 tiles in 34.977 S; size: 30.96MB","timestamp":"2017-01-18T15:11:06.273Z"}
{"level":"info","message":"Geolevel: 3; zooomlevel: 11; block: 6/28; 22 tile intersects processed; 10 tiles in 0.094 S; 106.38 tiles/S; total: 584 tiles in 35.325 S; size: 31.24MB","timestamp":"2017-01-18T15:11:06.539Z"}
{"level":"info","message":"Geolevel: 3; zooomlevel: 11; block: 7/28; 36 tile intersects processed; 10 tiles in 0.188 S; 53.19 tiles/S; total: 594 tiles in 35.684 S; size: 31.79MB","timestamp":"2017-01-18T15:11:07.027Z"}
{"level":"info","message":"Geolevel: 3; zooomlevel: 11; block: 8/28; 38 tile intersects processed; 10 tiles in 0.078 S; 128.21 tiles/S; total: 604 tiles in 36.078 S; size: 32.03MB","timestamp":"2017-01-18T15:11:07.258Z"}
{"level":"info","message":"Geolevel: 3; zooomlevel: 11; block: 9/28; 34 tile intersects processed; 10 tiles in 0.188 S; 53.19 tiles/S; total: 614 tiles in 36.404 S; size: 32.54MB","timestamp":"2017-01-18T15:11:07.790Z"}
{"level":"info","message":"Geolevel: 3; zooomlevel: 11; block: 10/28; 33 tile intersects processed; 10 tiles in 0.161 S; 62.11 tiles/S; total: 624 tiles in 36.924 S; size: 33.03MB","timestamp":"2017-01-18T15:11:08.260Z"}
{"level":"info","message":"Geolevel: 3; zooomlevel: 11; block: 11/28; 95 tile intersects processed; 10 tiles in 0.188 S; 53.19 tiles/S; total: 634 tiles in 37.421 S; size: 33.51MB","timestamp":"2017-01-18T15:11:08.807Z"}
{"level":"info","message":"Geolevel: 3; zooomlevel: 11; block: 12/28; 19 tile intersects processed; 10 tiles in 0.141 S; 70.92 tiles/S; total: 644 tiles in 37.921 S; size: 33.96MB","timestamp":"2017-01-18T15:11:09.213Z"}
{"level":"info","message":"Geolevel: 3; zooomlevel: 11; block: 13/28; 100 tile intersects processed; 10 tiles in 0.235 S; 42.55 tiles/S; total: 654 tiles in 38.422 S; size: 34.57MB","timestamp":"2017-01-18T15:11:09.839Z"}
{"level":"info","message":"Geolevel: 3; zooomlevel: 11; block: 14/28; 19 tile intersects processed; 10 tiles in 0.152 S; 65.79 tiles/S; total: 664 tiles in 38.98 S; size: 35.04MB","timestamp":"2017-01-18T15:11:10.311Z"}
{"level":"info","message":"Geolevel: 3; zooomlevel: 11; block: 15/28; 61 tile intersects processed; 10 tiles in 0.208 S; 48.08 tiles/S; total: 674 tiles in 39.492 S; size: 35.62MB","timestamp":"2017-01-18T15:11:10.878Z"}
{"level":"info","message":"Geolevel: 3; zooomlevel: 11; block: 16/28; 29 tile intersects processed; 10 tiles in 0.172 S; 58.14 tiles/S; total: 684 tiles in 40.023 S; size: 36.2MB","timestamp":"2017-01-18T15:11:11.389Z"}
{"level":"info","message":"Geolevel: 3; zooomlevel: 11; block: 17/28; 22 tile intersects processed; 10 tiles in 0.156 S; 64.1 tiles/S; total: 694 tiles in 40.519 S; size: 36.7MB","timestamp":"2017-01-18T15:11:11.874Z"}
{"level":"info","message":"Geolevel: 3; zooomlevel: 11; block: 18/28; 55 tile intersects processed; 10 tiles in 0.226 S; 44.25 tiles/S; total: 704 tiles in 41.057 S; size: 37.36MB","timestamp":"2017-01-18T15:11:12.500Z"}
{"level":"info","message":"Geolevel: 3; zooomlevel: 11; block: 19/28; 25 tile intersects processed; 10 tiles in 0.172 S; 58.14 tiles/S; total: 714 tiles in 41.645 S; size: 37.88MB","timestamp":"2017-01-18T15:11:12.969Z"}
{"level":"info","message":"Geolevel: 3; zooomlevel: 11; block: 20/28; 27 tile intersects processed; 10 tiles in 0.151 S; 66.23 tiles/S; total: 724 tiles in 42.093 S; size: 38.37MB","timestamp":"2017-01-18T15:11:13.423Z"}
{"level":"info","message":"Geolevel: 3; zooomlevel: 11; block: 21/28; 17 tile intersects processed; 10 tiles in 0.125 S; 80 tiles/S; total: 734 tiles in 42.521 S; size: 38.82MB","timestamp":"2017-01-18T15:11:13.798Z"}
{"level":"info","message":"Geolevel: 3; zooomlevel: 11; block: 22/28; 28 tile intersects processed; 10 tiles in 0.188 S; 53.19 tiles/S; total: 744 tiles in 42.959 S; size: 39.44MB","timestamp":"2017-01-18T15:11:14.376Z"}
{"level":"info","message":"Geolevel: 3; zooomlevel: 11; block: 23/28; 18 tile intersects processed; 10 tiles in 0.156 S; 64.1 tiles/S; total: 754 tiles in 43.506 S; size: 39.93MB","timestamp":"2017-01-18T15:11:14.824Z"}
{"level":"info","message":"Geolevel: 3; zooomlevel: 11; block: 24/28; 19 tile intersects processed; 10 tiles in 0.165 S; 60.61 tiles/S; total: 764 tiles in 43.967 S; size: 40.44MB","timestamp":"2017-01-18T15:11:15.315Z"}
{"level":"info","message":"Geolevel: 3; zooomlevel: 11; block: 25/28; 12 tile intersects processed; 10 tiles in 0.094 S; 106.38 tiles/S; total: 774 tiles in 44.382 S; size: 40.8MB","timestamp":"2017-01-18T15:11:15.596Z"}
{"level":"info","message":"Geolevel: 3; zooomlevel: 11; block: 26/28; 11 tile intersects processed; 10 tiles in 0.119 S; 84.03 tiles/S; total: 784 tiles in 44.673 S; size: 41.19MB","timestamp":"2017-01-18T15:11:15.910Z"}
{"level":"info","message":"Geolevel: 3; zooomlevel: 11; block: 27/28; 12 tile intersects processed; 10 tiles in 0.109 S; 91.74 tiles/S; total: 794 tiles in 44.983 S; size: 41.55MB","timestamp":"2017-01-18T15:11:16.198Z"}
{"level":"info","message":"Geolevel: 3; zooomlevel: 11; block: 28/28; 5 tile intersects processed; 5 tiles in 0.04 S; 125 tiles/S; total: 799 tiles in 45.211 S; size: 41.7MB","timestamp":"2017-01-18T15:11:16.332Z"}
{"level":"info","message":"Creating tile CSV file: C:/Users/Peter/AppData/Local/Temp/shpConvert/6fc74947-4ef0-488d-a38c-dff96dabb3d3/data/t_tiles_sahsu_grd_level4.csv","timestamp":"2017-01-18T15:11:16.347Z"}
{"level":"info","message":"Geolevel: 4; zooomlevel: 0; block: 1/1; 1230 tile intersects processed; 1 tiles in 0.547 S; 1.83 tiles/S; total: 800 tiles in 45.852 S; size: 42.49MB","timestamp":"2017-01-18T15:11:17.489Z"}
{"level":"info","message":"Geolevel: 4; zooomlevel: 1; block: 1/1; 1230 tile intersects processed; 1 tiles in 0.608 S; 1.64 tiles/S; total: 801 tiles in 47.086 S; size: 43.28MB","timestamp":"2017-01-18T15:11:18.771Z"}
{"level":"info","message":"Geolevel: 4; zooomlevel: 2; block: 1/1; 1230 tile intersects processed; 1 tiles in 0.563 S; 1.78 tiles/S; total: 802 tiles in 48.307 S; size: 44.07MB","timestamp":"2017-01-18T15:11:19.918Z"}
{"level":"info","message":"Geolevel: 4; zooomlevel: 3; block: 1/1; 1230 tile intersects processed; 1 tiles in 0.551 S; 1.81 tiles/S; total: 803 tiles in 49.464 S; size: 44.86MB","timestamp":"2017-01-18T15:11:21.073Z"}
{"level":"info","message":"Geolevel: 4; zooomlevel: 4; block: 1/1; 1230 tile intersects processed; 1 tiles in 0.516 S; 1.94 tiles/S; total: 804 tiles in 50.562 S; size: 45.65MB","timestamp":"2017-01-18T15:11:22.214Z"}
{"level":"info","message":"Geolevel: 4; zooomlevel: 5; block: 1/1; 1230 tile intersects processed; 1 tiles in 0.549 S; 1.82 tiles/S; total: 805 tiles in 51.752 S; size: 46.44MB","timestamp":"2017-01-18T15:11:23.362Z"}
{"level":"info","message":"Geolevel: 4; zooomlevel: 6; block: 1/1; 1239 tile intersects processed; 2 tiles in 0.552 S; 3.62 tiles/S; total: 807 tiles in 52.903 S; size: 47.28MB","timestamp":"2017-01-18T15:11:24.585Z"}
{"level":"info","message":"Geolevel: 4; zooomlevel: 7; block: 1/1; 1259 tile intersects processed; 4 tiles in 0.657 S; 6.09 tiles/S; total: 811 tiles in 54.23 S; size: 48.27MB","timestamp":"2017-01-18T15:11:26.017Z"}
{"level":"info","message":"Geolevel: 4; zooomlevel: 8; block: 1/2; 1325 tile intersects processed; 9 tiles in 0.788 S; 11.42 tiles/S; total: 820 tiles in 55.794 S; size: 49.59MB","timestamp":"2017-01-18T15:11:27.824Z"}
{"level":"info","message":"Geolevel: 4; zooomlevel: 8; block: 2/2; 7 tile intersects processed; 2 tiles in 0.032 S; 62.5 tiles/S; total: 822 tiles in 56.844 S; size: 49.65MB","timestamp":"2017-01-18T15:11:27.933Z"}
{"level":"info","message":"Geolevel: 4; zooomlevel: 9; block: 1/3; 452 tile intersects processed; 9 tiles in 0.341 S; 26.39 tiles/S; total: 831 tiles in 57.236 S; size: 50.25MB","timestamp":"2017-01-18T15:11:28.747Z"}
{"level":"info","message":"Geolevel: 4; zooomlevel: 9; block: 2/3; 916 tile intersects processed; 10 tiles in 0.687 S; 14.56 tiles/S; total: 841 tiles in 58.408 S; size: 51.44MB","timestamp":"2017-01-18T15:11:30.366Z"}
{"level":"info","message":"Geolevel: 4; zooomlevel: 9; block: 3/3; 50 tile intersects processed; 10 tiles in 0.147 S; 68.03 tiles/S; total: 851 tiles in 59.502 S; size: 51.86MB","timestamp":"2017-01-18T15:11:30.841Z"}
{"level":"info","message":"Geolevel: 4; zooomlevel: 10; block: 1/10; 20 tile intersects processed; 9 tiles in 0.047 S; 191.49 tiles/S; total: 860 tiles in 59.861 S; size: 52.03MB","timestamp":"2017-01-18T15:11:31.014Z"}
{"level":"info","message":"mssqlTilesInsert2() [0] Recvoer from HY104 ERROR redo: Insert 0/2 OK","timestamp":"2017-01-18T15:11:31.029Z"}
{"level":"info","message":"mssqlTilesInsert2() [1] Recvoer from HY104 ERROR redo: Insert 1/2 OK","timestamp":"2017-01-18T15:11:31.045Z"}
{"level":"info","message":"Geolevel: 4; zooomlevel: 10; block: 2/10; 116 tile intersects processed; 10 tiles in 0.141 S; 70.92 tiles/S; total: 870 tiles in 60.128 S; size: 52.43MB","timestamp":"2017-01-18T15:11:31.448Z"}
{"level":"info","message":"Geolevel: 4; zooomlevel: 10; block: 3/10; 195 tile intersects processed; 10 tiles in 0.312 S; 32.05 tiles/S; total: 880 tiles in 60.733 S; size: 52.93MB","timestamp":"2017-01-18T15:11:32.266Z"}
{"level":"info","message":"Geolevel: 4; zooomlevel: 10; block: 4/10; 312 tile intersects processed; 10 tiles in 0.276 S; 36.23 tiles/S; total: 890 tiles in 61.5 S; size: 53.51MB","timestamp":"2017-01-18T15:11:32.948Z"}
{"level":"info","message":"Geolevel: 4; zooomlevel: 10; block: 5/10; 568 tile intersects processed; 10 tiles in 0.376 S; 26.6 tiles/S; total: 900 tiles in 62.298 S; size: 54.27MB","timestamp":"2017-01-18T15:11:33.903Z"}
{"level":"info","message":"Geolevel: 4; zooomlevel: 10; block: 6/10; 309 tile intersects processed; 10 tiles in 0.344 S; 29.07 tiles/S; total: 910 tiles in 63.22 S; size: 55.1MB","timestamp":"2017-01-18T15:11:35.059Z"}
{"level":"info","message":"Geolevel: 4; zooomlevel: 10; block: 7/10; 68 tile intersects processed; 10 tiles in 0.222 S; 45.05 tiles/S; total: 920 tiles in 64.254 S; size: 55.71MB","timestamp":"2017-01-18T15:11:35.734Z"}
{"level":"info","message":"Geolevel: 4; zooomlevel: 10; block: 8/10; 32 tile intersects processed; 10 tiles in 0.141 S; 70.92 tiles/S; total: 930 tiles in 64.848 S; size: 56.14MB","timestamp":"2017-01-18T15:11:36.177Z"}
{"level":"info","message":"Geolevel: 4; zooomlevel: 10; block: 9/10; 19 tile intersects processed; 10 tiles in 0.11 S; 90.91 tiles/S; total: 940 tiles in 65.26 S; size: 56.49MB","timestamp":"2017-01-18T15:11:36.552Z"}
{"level":"info","message":"Geolevel: 4; zooomlevel: 10; block: 10/10; 6 tile intersects processed; 4 tiles in 0.031 S; 129.03 tiles/S; total: 944 tiles in 65.556 S; size: 56.61MB","timestamp":"2017-01-18T15:11:36.677Z"}
{"level":"info","message":"Geolevel: 4; zooomlevel: 11; block: 1/29; 21 tile intersects processed; 9 tiles in 0.062 S; 145.16 tiles/S; total: 953 tiles in 65.697 S; size: 56.78MB","timestamp":"2017-01-18T15:11:36.849Z"}
{"level":"info","message":"mssqlTilesInsert2() [0] Recvoer from HY104 ERROR redo: Insert 0/2 OK","timestamp":"2017-01-18T15:11:36.864Z"}
{"level":"info","message":"mssqlTilesInsert2() [1] Recvoer from HY104 ERROR redo: Insert 1/2 OK","timestamp":"2017-01-18T15:11:36.864Z"}
{"level":"info","message":"Geolevel: 4; zooomlevel: 11; block: 2/29; 12 tile intersects processed; 10 tiles in 0.047 S; 212.77 tiles/S; total: 963 tiles in 65.853 S; size: 56.97MB","timestamp":"2017-01-18T15:11:37.005Z"}
{"level":"info","message":"Geolevel: 4; zooomlevel: 11; block: 3/29; 51 tile intersects processed; 10 tiles in 0.109 S; 91.74 tiles/S; total: 973 tiles in 66.072 S; size: 57.3MB","timestamp":"2017-01-18T15:11:37.333Z"}
{"level":"info","message":"Geolevel: 4; zooomlevel: 11; block: 4/29; 16 tile intersects processed; 10 tiles in 0.063 S; 158.73 tiles/S; total: 983 tiles in 66.369 S; size: 57.52MB","timestamp":"2017-01-18T15:11:37.552Z"}
{"level":"info","message":"Geolevel: 4; zooomlevel: 11; block: 5/29; 95 tile intersects processed; 10 tiles in 0.14 S; 71.43 tiles/S; total: 993 tiles in 66.65 S; size: 57.92MB","timestamp":"2017-01-18T15:11:37.974Z"}
{"level":"info","message":"Geolevel: 4; zooomlevel: 11; block: 6/29; 35 tile intersects processed; 10 tiles in 0.078 S; 128.21 tiles/S; total: 1003 tiles in 67.025 S; size: 58.2MB","timestamp":"2017-01-18T15:11:38.245Z"}
{"level":"info","message":"Geolevel: 4; zooomlevel: 11; block: 7/29; 66 tile intersects processed; 10 tiles in 0.172 S; 58.14 tiles/S; total: 1013 tiles in 67.39 S; size: 58.66MB","timestamp":"2017-01-18T15:11:38.792Z"}
{"level":"info","message":"Geolevel: 4; zooomlevel: 11; block: 8/29; 117 tile intersects processed; 10 tiles in 0.11 S; 90.91 tiles/S; total: 1023 tiles in 67.859 S; size: 58.93MB","timestamp":"2017-01-18T15:11:39.106Z"}
{"level":"info","message":"Geolevel: 4; zooomlevel: 11; block: 9/29; 75 tile intersects processed; 10 tiles in 0.187 S; 53.48 tiles/S; total: 1033 tiles in 68.251 S; size: 59.4MB","timestamp":"2017-01-18T15:11:39.637Z"}
{"level":"info","message":"Geolevel: 4; zooomlevel: 11; block: 10/29; 21 tile intersects processed; 10 tiles in 0.108 S; 92.59 tiles/S; total: 1043 tiles in 68.719 S; size: 59.77MB","timestamp":"2017-01-18T15:11:40.008Z"}
{"level":"info","message":"Geolevel: 4; zooomlevel: 11; block: 11/29; 468 tile intersects processed; 10 tiles in 0.304 S; 32.89 tiles/S; total: 1053 tiles in 69.27 S; size: 60.42MB","timestamp":"2017-01-18T15:11:40.781Z"}
{"level":"info","message":"Geolevel: 4; zooomlevel: 11; block: 12/29; 60 tile intersects processed; 10 tiles in 0.203 S; 49.26 tiles/S; total: 1063 tiles in 69.957 S; size: 60.95MB","timestamp":"2017-01-18T15:11:41.328Z"}
{"level":"info","message":"Geolevel: 4; zooomlevel: 11; block: 13/29; 56 tile intersects processed; 10 tiles in 0.159 S; 62.89 tiles/S; total: 1073 tiles in 70.46 S; size: 61.34MB","timestamp":"2017-01-18T15:11:41.752Z"}
{"level":"info","message":"Geolevel: 4; zooomlevel: 11; block: 14/29; 414 tile intersects processed; 10 tiles in 0.375 S; 26.67 tiles/S; total: 1083 tiles in 71.101 S; size: 62.1MB","timestamp":"2017-01-18T15:11:42.690Z"}
{"level":"info","message":"Geolevel: 4; zooomlevel: 11; block: 15/29; 22 tile intersects processed; 10 tiles in 0.125 S; 80 tiles/S; total: 1093 tiles in 71.788 S; size: 62.43MB","timestamp":"2017-01-18T15:11:43.018Z"}
{"level":"info","message":"Geolevel: 4; zooomlevel: 11; block: 16/29; 226 tile intersects processed; 10 tiles in 0.317 S; 31.55 tiles/S; total: 1103 tiles in 72.293 S; size: 63.1MB","timestamp":"2017-01-18T15:11:43.788Z"}
{"level":"info","message":"Geolevel: 4; zooomlevel: 11; block: 17/29; 27 tile intersects processed; 10 tiles in 0.125 S; 80 tiles/S; total: 1113 tiles in 72.887 S; size: 63.43MB","timestamp":"2017-01-18T15:11:44.106Z"}
{"level":"info","message":"Geolevel: 4; zooomlevel: 11; block: 18/29; 45 tile intersects processed; 10 tiles in 0.203 S; 49.26 tiles/S; total: 1123 tiles in 73.283 S; size: 63.94MB","timestamp":"2017-01-18T15:11:44.669Z"}
{"level":"info","message":"Geolevel: 4; zooomlevel: 11; block: 19/29; 112 tile intersects processed; 10 tiles in 0.212 S; 47.17 tiles/S; total: 1133 tiles in 73.851 S; size: 64.41MB","timestamp":"2017-01-18T15:11:45.195Z"}
{"level":"info","message":"Geolevel: 4; zooomlevel: 11; block: 20/29; 36 tile intersects processed; 10 tiles in 0.195 S; 51.28 tiles/S; total: 1143 tiles in 74.347 S; size: 64.86MB","timestamp":"2017-01-18T15:11:45.733Z"}
{"level":"info","message":"Geolevel: 4; zooomlevel: 11; block: 21/29; 41 tile intersects processed; 10 tiles in 0.188 S; 53.19 tiles/S; total: 1153 tiles in 74.878 S; size: 65.33MB","timestamp":"2017-01-18T15:11:46.280Z"}
{"level":"info","message":"Geolevel: 4; zooomlevel: 11; block: 22/29; 29 tile intersects processed; 10 tiles in 0.157 S; 63.69 tiles/S; total: 1163 tiles in 75.394 S; size: 65.74MB","timestamp":"2017-01-18T15:11:46.738Z"}
{"level":"info","message":"Geolevel: 4; zooomlevel: 11; block: 23/29; 30 tile intersects processed; 10 tiles in 0.186 S; 53.76 tiles/S; total: 1173 tiles in 75.881 S; size: 66.27MB","timestamp":"2017-01-18T15:11:47.252Z"}
{"level":"info","message":"Geolevel: 4; zooomlevel: 11; block: 24/29; 19 tile intersects processed; 10 tiles in 0.141 S; 70.92 tiles/S; total: 1183 tiles in 76.366 S; size: 66.65MB","timestamp":"2017-01-18T15:11:47.630Z"}
{"level":"info","message":"Geolevel: 4; zooomlevel: 11; block: 25/29; 20 tile intersects processed; 10 tiles in 0.144 S; 69.44 tiles/S; total: 1193 tiles in 76.731 S; size: 67.06MB","timestamp":"2017-01-18T15:11:48.017Z"}
{"level":"info","message":"Geolevel: 4; zooomlevel: 11; block: 26/29; 16 tile intersects processed; 10 tiles in 0.125 S; 80 tiles/S; total: 1203 tiles in 77.1 S; size: 67.45MB","timestamp":"2017-01-18T15:11:48.382Z"}
{"level":"info","message":"Geolevel: 4; zooomlevel: 11; block: 27/29; 12 tile intersects processed; 10 tiles in 0.078 S; 128.21 tiles/S; total: 1213 tiles in 77.433 S; size: 67.7MB","timestamp":"2017-01-18T15:11:48.616Z"}
{"level":"info","message":"Geolevel: 4; zooomlevel: 11; block: 28/29; 10 tile intersects processed; 10 tiles in 0.078 S; 128.21 tiles/S; total: 1223 tiles in 77.652 S; size: 67.98MB","timestamp":"2017-01-18T15:11:48.851Z"}
{"level":"info","message":"Geolevel: 4; zooomlevel: 11; block: 29/29; 10 tile intersects processed; 8 tiles in 0.078 S; 102.56 tiles/S; total: 1231 tiles in 77.886 S; size: 68.24MB","timestamp":"2017-01-18T15:11:49.085Z"}
{"level":"info","message":"All 6 tests passed, none failed","timestamp":"2017-01-18T15:11:49.194Z"}
{"level":"info","message":"Zoomlevel and geolevel report (null tiles/total tiles)\n           zoomlevel           geolevel_1           geolevel_2           geolevel_3           geolevel_4 \n-------------------- -------------------- -------------------- -------------------- -------------------- \n                   0                  0/1                  0/1                  0/1                  0/1 \n                   1                                       0/1                  0/1                  0/1 \n                   2                                       0/1                  0/1                  0/1 \n                   3                                       0/1                  0/1                  0/1 \n                   4                                       0/1                  0/1                  0/1 \n                   5                                       0/1                  0/1                  0/1 \n                   6                                       0/2                  0/2                  0/2 \n                   7                                       0/4                  0/4                  0/4 \n                   8                                      0/11                 0/11                 0/11 \n                   9                                      0/29                 0/29                 0/29 \n                  10                                      0/92                 0/93                 0/93 \n                  11                                     0/235                0/274                0/287 \n","timestamp":"2017-01-18T15:11:49.241Z"}
{"level":"info","message":"endTransaction(): COMMIT;","timestamp":"2017-01-18T15:11:49.241Z"}
