{"level":"info","message":"Created info log file: pgTileMaker.log","timestamp":"2017-04-04T14:31:39.203Z"}
{"level":"info","message":"Connected to Postgres using: postgres://peter@localhost:5432/sahsuland_dev?application_name=pgTileMaker; log level: info","timestamp":"2017-04-04T14:31:39.306Z"}
{"level":"info","message":"Set Postgres search path to: \"$user\",rif40, public, topology, gis, pop, rif_data, data_load, rif40_sql_pkg, rif_studies, rif40_partitions","timestamp":"2017-04-04T14:31:39.319Z"}
{"level":"info","message":"SET client_encoding='UTF-8'","timestamp":"2017-04-04T14:31:39.320Z"}
{"level":"info","message":"Creating hierarchy CSV file: C:/Users/Peter/AppData/Local/Temp/shpConvert/fcead270-15ee-46b3-8902-0f38f56bf238/data/pg_hierarchy_sahsuland.csv for SAHSULAND: SAHSU Example geography","timestamp":"2017-04-04T14:31:39.322Z"}
{"level":"info","message":"Creating lookup CSV file: C:/Users/Peter/AppData/Local/Temp/shpConvert/fcead270-15ee-46b3-8902-0f38f56bf238/data/pg_lookup_sahsu_grd_level1.csv for SAHSULAND: SAHSU Example geography","timestamp":"2017-04-04T14:31:39.351Z"}
{"level":"info","message":"Creating lookup CSV file: C:/Users/Peter/AppData/Local/Temp/shpConvert/fcead270-15ee-46b3-8902-0f38f56bf238/data/pg_lookup_sahsu_grd_level2.csv for SAHSULAND: SAHSU Example geography","timestamp":"2017-04-04T14:31:39.358Z"}
{"level":"info","message":"Creating lookup CSV file: C:/Users/Peter/AppData/Local/Temp/shpConvert/fcead270-15ee-46b3-8902-0f38f56bf238/data/pg_lookup_sahsu_grd_level3.csv for SAHSULAND: SAHSU Example geography","timestamp":"2017-04-04T14:31:39.365Z"}
{"level":"info","message":"Creating lookup CSV file: C:/Users/Peter/AppData/Local/Temp/shpConvert/fcead270-15ee-46b3-8902-0f38f56bf238/data/pg_lookup_sahsu_grd_level4.csv for SAHSULAND: SAHSU Example geography","timestamp":"2017-04-04T14:31:39.373Z"}
{"level":"info","message":"Creating adjacency CSV file: C:/Users/Peter/AppData/Local/Temp/shpConvert/fcead270-15ee-46b3-8902-0f38f56bf238/data/pg_adjacency_sahsuland.csv for SAHSULAND: SAHSU Example geography","timestamp":"2017-04-04T14:31:39.393Z"}
{"level":"info","message":"Creating geometry CSV file: C:/Users/Peter/AppData/Local/Temp/shpConvert/fcead270-15ee-46b3-8902-0f38f56bf238/data/pg_geometry_sahsuland.csv for SAHSULAND: SAHSU Example geography","timestamp":"2017-04-04T14:31:39.416Z"}
{"level":"info","message":"Created tile blocks table: tile_blocks_sahsuland","timestamp":"2017-04-04T14:31:42.002Z"}
{"level":"info","message":"Processing geography_SAHSULAND\nDescription: SAHSU Example geography","timestamp":"2017-04-04T14:31:42.003Z"}
{"level":"info","message":"Zoomlevels to process per geolevel: 11","timestamp":"2017-04-04T14:31:42.036Z"}
{"level":"info","message":"Creating tile CSV file: C:/Users/Peter/AppData/Local/Temp/shpConvert/fcead270-15ee-46b3-8902-0f38f56bf238/data/pg_t_tiles_sahsu_grd_level1.csv","timestamp":"2017-04-04T14:31:42.051Z"}
{"level":"info","message":"Geolevel: 1; zooomlevel: 0; block: 1/1; 1 tile intersects processed; 1 tiles in 0.013 S; 76.92 tiles/S; total: 1 tiles in 2.756 S; size: 47.11KB","timestamp":"2017-04-04T14:31:42.130Z"}
{"level":"info","message":"Geolevel: 1; zooomlevel: 1; END block: 0/0; 0 tile intersects processed no tiles in 0.004 S; total: 1 tiles in 2.841 S; size: 47.11KB","timestamp":"2017-04-04T14:31:42.156Z"}
{"level":"info","message":"Geolevel: 1; zooomlevel: 2; END block: 0/0; 0 tile intersects processed no tiles in 0.005 S; total: 1 tiles in 2.851 S; size: 47.11KB","timestamp":"2017-04-04T14:31:42.163Z"}
{"level":"info","message":"Geolevel: 1; zooomlevel: 3; END block: 0/0; 0 tile intersects processed no tiles in 0.004 S; total: 1 tiles in 2.857 S; size: 47.11KB","timestamp":"2017-04-04T14:31:42.169Z"}
{"level":"info","message":"Geolevel: 1; zooomlevel: 4; END block: 0/0; 0 tile intersects processed no tiles in 0.005 S; total: 1 tiles in 2.863 S; size: 47.11KB","timestamp":"2017-04-04T14:31:42.175Z"}
{"level":"info","message":"Geolevel: 1; zooomlevel: 5; END block: 0/0; 0 tile intersects processed no tiles in 0.006 S; total: 1 tiles in 2.871 S; size: 47.11KB","timestamp":"2017-04-04T14:31:42.182Z"}
{"level":"info","message":"Geolevel: 1; zooomlevel: 6; END block: 0/0; 0 tile intersects processed no tiles in 0.004 S; total: 1 tiles in 2.876 S; size: 47.11KB","timestamp":"2017-04-04T14:31:42.188Z"}
{"level":"info","message":"Geolevel: 1; zooomlevel: 7; END block: 0/0; 0 tile intersects processed no tiles in 0.003 S; total: 1 tiles in 2.881 S; size: 47.11KB","timestamp":"2017-04-04T14:31:42.193Z"}
{"level":"info","message":"Geolevel: 1; zooomlevel: 8; END block: 0/0; 0 tile intersects processed no tiles in 0.004 S; total: 1 tiles in 2.887 S; size: 47.11KB","timestamp":"2017-04-04T14:31:42.199Z"}
{"level":"info","message":"Geolevel: 1; zooomlevel: 9; END block: 0/0; 0 tile intersects processed no tiles in 0.004 S; total: 1 tiles in 2.893 S; size: 47.11KB","timestamp":"2017-04-04T14:31:42.204Z"}
{"level":"info","message":"Geolevel: 1; zooomlevel: 10; END block: 0/0; 0 tile intersects processed no tiles in 0.004 S; total: 1 tiles in 2.899 S; size: 47.11KB","timestamp":"2017-04-04T14:31:42.211Z"}
{"level":"info","message":"Geolevel: 1; zooomlevel: 11; END block: 0/0; 0 tile intersects processed no tiles in 0.005 S; total: 1 tiles in 2.906 S; size: 47.11KB","timestamp":"2017-04-04T14:31:42.217Z"}
{"level":"info","message":"Creating tile CSV file: C:/Users/Peter/AppData/Local/Temp/shpConvert/fcead270-15ee-46b3-8902-0f38f56bf238/data/pg_t_tiles_sahsu_grd_level2.csv","timestamp":"2017-04-04T14:31:42.225Z"}
{"level":"info","message":"Geolevel: 2; zooomlevel: 0; block: 1/1; 17 tile intersects processed; 1 tiles in 0.034 S; 29.41 tiles/S; total: 2 tiles in 2.949 S; size: 157.12KB","timestamp":"2017-04-04T14:31:42.354Z"}
{"level":"info","message":"Geolevel: 2; zooomlevel: 1; block: 1/1; 17 tile intersects processed; 1 tiles in 0.025 S; 40 tiles/S; total: 3 tiles in 3.076 S; size: 267.14KB","timestamp":"2017-04-04T14:31:42.478Z"}
{"level":"info","message":"Geolevel: 2; zooomlevel: 2; block: 1/1; 17 tile intersects processed; 1 tiles in 0.024 S; 41.67 tiles/S; total: 4 tiles in 3.201 S; size: 377.15KB","timestamp":"2017-04-04T14:31:42.598Z"}
{"level":"info","message":"Geolevel: 2; zooomlevel: 3; block: 1/1; 17 tile intersects processed; 1 tiles in 0.023 S; 43.48 tiles/S; total: 5 tiles in 3.318 S; size: 487.17KB","timestamp":"2017-04-04T14:31:42.703Z"}
{"level":"info","message":"Geolevel: 2; zooomlevel: 4; block: 1/1; 17 tile intersects processed; 1 tiles in 0.023 S; 43.48 tiles/S; total: 6 tiles in 3.422 S; size: 597.18KB","timestamp":"2017-04-04T14:31:42.806Z"}
{"level":"info","message":"Geolevel: 2; zooomlevel: 5; block: 1/1; 17 tile intersects processed; 1 tiles in 0.023 S; 43.48 tiles/S; total: 7 tiles in 3.526 S; size: 707.27KB","timestamp":"2017-04-04T14:31:42.913Z"}
{"level":"info","message":"Geolevel: 2; zooomlevel: 6; block: 1/1; 21 tile intersects processed; 2 tiles in 0.031 S; 64.52 tiles/S; total: 9 tiles in 3.64 S; size: 861.65KB","timestamp":"2017-04-04T14:31:43.141Z"}
{"level":"info","message":"Geolevel: 2; zooomlevel: 7; block: 1/1; 28 tile intersects processed; 4 tiles in 0.066 S; 60.61 tiles/S; total: 13 tiles in 3.918 S; size: 1.12MB","timestamp":"2017-04-04T14:31:43.464Z"}
{"level":"info","message":"Geolevel: 2; zooomlevel: 8; block: 1/2; 42 tile intersects processed; 9 tiles in 0.095 S; 94.74 tiles/S; total: 22 tiles in 4.267 S; size: 1.65MB","timestamp":"2017-04-04T14:31:43.913Z"}
{"level":"info","message":"Geolevel: 2; zooomlevel: 8; block: 2/2; 5 tile intersects processed; 2 tiles in 0.017 S; 117.65 tiles/S; total: 24 tiles in 4.652 S; size: 1.74MB","timestamp":"2017-04-04T14:31:44.038Z"}
{"level":"info","message":"Geolevel: 2; zooomlevel: 9; block: 1/3; 20 tile intersects processed; 9 tiles in 0.057 S; 157.89 tiles/S; total: 33 tiles in 4.795 S; size: 2.08MB","timestamp":"2017-04-04T14:31:44.324Z"}
{"level":"info","message":"Geolevel: 2; zooomlevel: 9; block: 2/3; 40 tile intersects processed; 10 tiles in 0.105 S; 95.24 tiles/S; total: 43 tiles in 5.137 S; size: 2.74MB","timestamp":"2017-04-04T14:31:44.844Z"}
{"level":"info","message":"Geolevel: 2; zooomlevel: 9; block: 3/3; 20 tile intersects processed; 10 tiles in 0.074 S; 135.14 tiles/S; total: 53 tiles in 5.647 S; size: 3.21MB","timestamp":"2017-04-04T14:31:45.273Z"}
{"level":"info","message":"Geolevel: 2; zooomlevel: 10; block: 1/10; 10 tile intersects processed; 9 tiles in 0.042 S; 214.29 tiles/S; total: 62 tiles in 6.039 S; size: 3.44MB","timestamp":"2017-04-04T14:31:45.490Z"}
{"level":"info","message":"Geolevel: 2; zooomlevel: 10; block: 2/10; 14 tile intersects processed; 10 tiles in 0.07 S; 142.86 tiles/S; total: 72 tiles in 6.287 S; size: 3.79MB","timestamp":"2017-04-04T14:31:45.784Z"}
{"level":"info","message":"Geolevel: 2; zooomlevel: 10; block: 3/10; 23 tile intersects processed; 10 tiles in 0.067 S; 149.25 tiles/S; total: 82 tiles in 6.553 S; size: 4.26MB","timestamp":"2017-04-04T14:31:46.172Z"}
{"level":"info","message":"Geolevel: 2; zooomlevel: 10; block: 4/10; 24 tile intersects processed; 10 tiles in 0.106 S; 94.34 tiles/S; total: 92 tiles in 7 S; size: 4.76MB","timestamp":"2017-04-04T14:31:46.663Z"}
{"level":"info","message":"Geolevel: 2; zooomlevel: 10; block: 5/10; 21 tile intersects processed; 10 tiles in 0.083 S; 120.48 tiles/S; total: 102 tiles in 7.469 S; size: 5.28MB","timestamp":"2017-04-04T14:31:47.056Z"}
{"level":"info","message":"Geolevel: 2; zooomlevel: 10; block: 6/10; 35 tile intersects processed; 10 tiles in 0.17 S; 58.82 tiles/S; total: 112 tiles in 7.945 S; size: 6.1MB","timestamp":"2017-04-04T14:31:47.822Z"}
{"level":"info","message":"Geolevel: 2; zooomlevel: 10; block: 7/10; 20 tile intersects processed; 10 tiles in 0.067 S; 149.25 tiles/S; total: 122 tiles in 8.64 S; size: 6.67MB","timestamp":"2017-04-04T14:31:48.266Z"}
{"level":"info","message":"Geolevel: 2; zooomlevel: 10; block: 8/10; 15 tile intersects processed; 10 tiles in 0.099 S; 101.01 tiles/S; total: 132 tiles in 9.083 S; size: 7.14MB","timestamp":"2017-04-04T14:31:48.686Z"}
{"level":"info","message":"Geolevel: 2; zooomlevel: 10; block: 9/10; 13 tile intersects processed; 10 tiles in 0.068 S; 147.06 tiles/S; total: 142 tiles in 9.472 S; size: 7.57MB","timestamp":"2017-04-04T14:31:49.025Z"}
{"level":"info","message":"Geolevel: 2; zooomlevel: 10; block: 10/10; 3 tile intersects processed; 3 tiles in 0.031 S; 96.77 tiles/S; total: 145 tiles in 9.777 S; size: 7.69MB","timestamp":"2017-04-04T14:31:49.124Z"}
{"level":"info","message":"Geolevel: 2; zooomlevel: 11; block: 1/24; 9 tile intersects processed; 9 tiles in 0.047 S; 191.49 tiles/S; total: 154 tiles in 9.875 S; size: 7.94MB","timestamp":"2017-04-04T14:31:49.319Z"}
{"level":"info","message":"Geolevel: 2; zooomlevel: 11; block: 2/24; 11 tile intersects processed; 10 tiles in 0.062 S; 161.29 tiles/S; total: 164 tiles in 10.086 S; size: 8.31MB","timestamp":"2017-04-04T14:31:49.585Z"}
{"level":"info","message":"Geolevel: 2; zooomlevel: 11; block: 3/24; 11 tile intersects processed; 10 tiles in 0.059 S; 169.49 tiles/S; total: 174 tiles in 10.343 S; size: 8.66MB","timestamp":"2017-04-04T14:31:49.807Z"}
{"level":"info","message":"Geolevel: 2; zooomlevel: 11; block: 4/24; 10 tile intersects processed; 10 tiles in 0.063 S; 158.73 tiles/S; total: 184 tiles in 10.574 S; size: 9.01MB","timestamp":"2017-04-04T14:31:50.057Z"}
{"level":"info","message":"Geolevel: 2; zooomlevel: 11; block: 5/24; 15 tile intersects processed; 10 tiles in 0.061 S; 163.93 tiles/S; total: 194 tiles in 10.832 S; size: 9.43MB","timestamp":"2017-04-04T14:31:50.404Z"}
{"level":"info","message":"Geolevel: 2; zooomlevel: 11; block: 6/24; 22 tile intersects processed; 10 tiles in 0.131 S; 76.34 tiles/S; total: 204 tiles in 11.244 S; size: 10.08MB","timestamp":"2017-04-04T14:31:50.901Z"}
{"level":"info","message":"Geolevel: 2; zooomlevel: 11; block: 7/24; 15 tile intersects processed; 10 tiles in 0.046 S; 217.39 tiles/S; total: 214 tiles in 11.668 S; size: 10.45MB","timestamp":"2017-04-04T14:31:51.173Z"}
{"level":"info","message":"Geolevel: 2; zooomlevel: 11; block: 8/24; 22 tile intersects processed; 10 tiles in 0.167 S; 59.88 tiles/S; total: 224 tiles in 12.06 S; size: 11.16MB","timestamp":"2017-04-04T14:31:51.804Z"}
{"level":"info","message":"Geolevel: 2; zooomlevel: 11; block: 9/24; 20 tile intersects processed; 10 tiles in 0.084 S; 119.05 tiles/S; total: 234 tiles in 12.623 S; size: 11.7MB","timestamp":"2017-04-04T14:31:52.194Z"}
{"level":"info","message":"Geolevel: 2; zooomlevel: 11; block: 10/24; 25 tile intersects processed; 10 tiles in 0.132 S; 75.76 tiles/S; total: 244 tiles in 13.052 S; size: 12.43MB","timestamp":"2017-04-04T14:31:52.816Z"}
{"level":"info","message":"Geolevel: 2; zooomlevel: 11; block: 11/24; 20 tile intersects processed; 10 tiles in 0.087 S; 114.94 tiles/S; total: 254 tiles in 13.643 S; size: 13.05MB","timestamp":"2017-04-04T14:31:53.339Z"}
{"level":"info","message":"Geolevel: 2; zooomlevel: 11; block: 12/24; 17 tile intersects processed; 10 tiles in 0.117 S; 85.47 tiles/S; total: 264 tiles in 14.176 S; size: 13.6MB","timestamp":"2017-04-04T14:31:53.797Z"}
{"level":"info","message":"Geolevel: 2; zooomlevel: 11; block: 13/24; 25 tile intersects processed; 10 tiles in 0.131 S; 76.34 tiles/S; total: 274 tiles in 14.648 S; size: 14.41MB","timestamp":"2017-04-04T14:31:54.404Z"}
{"level":"info","message":"Geolevel: 2; zooomlevel: 11; block: 14/24; 15 tile intersects processed; 10 tiles in 0.088 S; 113.64 tiles/S; total: 284 tiles in 15.244 S; size: 14.97MB","timestamp":"2017-04-04T14:31:54.836Z"}
{"level":"info","message":"Geolevel: 2; zooomlevel: 11; block: 15/24; 23 tile intersects processed; 10 tiles in 0.124 S; 80.65 tiles/S; total: 294 tiles in 15.689 S; size: 15.76MB","timestamp":"2017-04-04T14:31:55.664Z"}
{"level":"info","message":"Geolevel: 2; zooomlevel: 11; block: 16/24; 21 tile intersects processed; 10 tiles in 0.183 S; 54.64 tiles/S; total: 304 tiles in 16.609 S; size: 16.5MB","timestamp":"2017-04-04T14:31:56.458Z"}
{"level":"info","message":"Geolevel: 2; zooomlevel: 11; block: 17/24; 20 tile intersects processed; 10 tiles in 0.136 S; 73.53 tiles/S; total: 314 tiles in 17.345 S; size: 17.23MB","timestamp":"2017-04-04T14:31:57.147Z"}
{"level":"info","message":"Geolevel: 2; zooomlevel: 11; block: 18/24; 15 tile intersects processed; 10 tiles in 0.083 S; 120.48 tiles/S; total: 324 tiles in 17.962 S; size: 17.81MB","timestamp":"2017-04-04T14:31:57.612Z"}
{"level":"info","message":"Geolevel: 2; zooomlevel: 11; block: 19/24; 19 tile intersects processed; 10 tiles in 0.13 S; 76.92 tiles/S; total: 334 tiles in 18.477 S; size: 18.52MB","timestamp":"2017-04-04T14:31:58.138Z"}
{"level":"info","message":"Geolevel: 2; zooomlevel: 11; block: 20/24; 14 tile intersects processed; 10 tiles in 0.078 S; 128.21 tiles/S; total: 344 tiles in 18.941 S; size: 19.09MB","timestamp":"2017-04-04T14:31:58.622Z"}
{"level":"info","message":"Geolevel: 2; zooomlevel: 11; block: 21/24; 13 tile intersects processed; 10 tiles in 0.083 S; 120.48 tiles/S; total: 354 tiles in 19.441 S; size: 19.62MB","timestamp":"2017-04-04T14:31:59.022Z"}
{"level":"info","message":"Geolevel: 2; zooomlevel: 11; block: 22/24; 10 tile intersects processed; 10 tiles in 0.062 S; 161.29 tiles/S; total: 364 tiles in 19.809 S; size: 20.05MB","timestamp":"2017-04-04T14:31:59.310Z"}
{"level":"info","message":"Geolevel: 2; zooomlevel: 11; block: 23/24; 10 tile intersects processed; 10 tiles in 0.067 S; 149.25 tiles/S; total: 374 tiles in 20.081 S; size: 20.49MB","timestamp":"2017-04-04T14:31:59.584Z"}
{"level":"info","message":"Geolevel: 2; zooomlevel: 11; block: 24/24; 6 tile intersects processed; 6 tiles in 0.057 S; 105.26 tiles/S; total: 380 tiles in 20.366 S; size: 20.75MB","timestamp":"2017-04-04T14:31:59.812Z"}
{"level":"info","message":"Creating tile CSV file: C:/Users/Peter/AppData/Local/Temp/shpConvert/fcead270-15ee-46b3-8902-0f38f56bf238/data/pg_t_tiles_sahsu_grd_level3.csv","timestamp":"2017-04-04T14:31:59.861Z"}
{"level":"info","message":"Geolevel: 3; zooomlevel: 0; block: 1/1; 200 tile intersects processed; 1 tiles in 0.068 S; 14.71 tiles/S; total: 381 tiles in 20.622 S; size: 21.05MB","timestamp":"2017-04-04T14:32:00.135Z"}
{"level":"info","message":"Geolevel: 3; zooomlevel: 1; block: 1/1; 200 tile intersects processed; 1 tiles in 0.07 S; 14.29 tiles/S; total: 382 tiles in 20.91 S; size: 21.34MB","timestamp":"2017-04-04T14:32:00.431Z"}
{"level":"info","message":"Geolevel: 3; zooomlevel: 2; block: 1/1; 200 tile intersects processed; 1 tiles in 0.056 S; 17.86 tiles/S; total: 383 tiles in 21.181 S; size: 21.64MB","timestamp":"2017-04-04T14:32:00.739Z"}
{"level":"info","message":"Geolevel: 3; zooomlevel: 3; block: 1/1; 200 tile intersects processed; 1 tiles in 0.081 S; 12.35 tiles/S; total: 384 tiles in 21.522 S; size: 21.94MB","timestamp":"2017-04-04T14:32:01.072Z"}
{"level":"info","message":"Geolevel: 3; zooomlevel: 4; block: 1/1; 200 tile intersects processed; 1 tiles in 0.056 S; 17.86 tiles/S; total: 385 tiles in 21.829 S; size: 22.23MB","timestamp":"2017-04-04T14:32:01.348Z"}
{"level":"info","message":"Geolevel: 3; zooomlevel: 5; block: 1/1; 200 tile intersects processed; 1 tiles in 0.069 S; 14.49 tiles/S; total: 386 tiles in 22.125 S; size: 22.53MB","timestamp":"2017-04-04T14:32:01.680Z"}
{"level":"info","message":"Geolevel: 3; zooomlevel: 6; block: 1/1; 207 tile intersects processed; 2 tiles in 0.067 S; 29.85 tiles/S; total: 388 tiles in 22.467 S; size: 22.88MB","timestamp":"2017-04-04T14:32:02.037Z"}
{"level":"info","message":"Geolevel: 3; zooomlevel: 7; block: 1/1; 221 tile intersects processed; 4 tiles in 0.082 S; 48.78 tiles/S; total: 392 tiles in 22.824 S; size: 23.37MB","timestamp":"2017-04-04T14:32:02.443Z"}
{"level":"info","message":"Geolevel: 3; zooomlevel: 8; block: 1/2; 257 tile intersects processed; 9 tiles in 0.145 S; 62.07 tiles/S; total: 401 tiles in 23.293 S; size: 24.18MB","timestamp":"2017-04-04T14:32:03.366Z"}
{"level":"info","message":"Geolevel: 3; zooomlevel: 8; block: 2/2; 6 tile intersects processed; 2 tiles in 0.017 S; 117.65 tiles/S; total: 403 tiles in 24.141 S; size: 24.25MB","timestamp":"2017-04-04T14:32:03.492Z"}
{"level":"info","message":"Geolevel: 3; zooomlevel: 9; block: 1/3; 94 tile intersects processed; 9 tiles in 0.08 S; 112.5 tiles/S; total: 412 tiles in 24.266 S; size: 24.69MB","timestamp":"2017-04-04T14:32:03.918Z"}
{"level":"info","message":"Geolevel: 3; zooomlevel: 9; block: 2/3; 192 tile intersects processed; 10 tiles in 0.133 S; 75.19 tiles/S; total: 422 tiles in 24.773 S; size: 25.53MB","timestamp":"2017-04-04T14:32:04.595Z"}
{"level":"info","message":"Geolevel: 3; zooomlevel: 9; block: 3/3; 31 tile intersects processed; 10 tiles in 0.063 S; 158.73 tiles/S; total: 432 tiles in 25.398 S; size: 25.99MB","timestamp":"2017-04-04T14:32:05.050Z"}
{"level":"info","message":"Geolevel: 3; zooomlevel: 10; block: 1/10; 12 tile intersects processed; 9 tiles in 0.028 S; 321.43 tiles/S; total: 441 tiles in 25.799 S; size: 26.17MB","timestamp":"2017-04-04T14:32:05.200Z"}
{"level":"info","message":"Geolevel: 3; zooomlevel: 10; block: 2/10; 40 tile intersects processed; 10 tiles in 0.073 S; 136.99 tiles/S; total: 451 tiles in 25.962 S; size: 26.57MB","timestamp":"2017-04-04T14:32:05.501Z"}
{"level":"info","message":"Geolevel: 3; zooomlevel: 10; block: 3/10; 62 tile intersects processed; 10 tiles in 0.067 S; 149.25 tiles/S; total: 461 tiles in 26.274 S; size: 27.01MB","timestamp":"2017-04-04T14:32:05.941Z"}
{"level":"info","message":"Geolevel: 3; zooomlevel: 10; block: 4/10; 75 tile intersects processed; 10 tiles in 0.113 S; 88.5 tiles/S; total: 471 tiles in 26.774 S; size: 27.51MB","timestamp":"2017-04-04T14:32:06.416Z"}
{"level":"info","message":"Geolevel: 3; zooomlevel: 10; block: 5/10; 104 tile intersects processed; 10 tiles in 0.08 S; 125 tiles/S; total: 481 tiles in 27.219 S; size: 28.07MB","timestamp":"2017-04-04T14:32:06.933Z"}
{"level":"info","message":"Geolevel: 3; zooomlevel: 10; block: 6/10; 91 tile intersects processed; 10 tiles in 0.15 S; 66.67 tiles/S; total: 491 tiles in 27.803 S; size: 28.85MB","timestamp":"2017-04-04T14:32:07.647Z"}
{"level":"info","message":"Geolevel: 3; zooomlevel: 10; block: 7/10; 40 tile intersects processed; 10 tiles in 0.111 S; 90.09 tiles/S; total: 501 tiles in 28.482 S; size: 29.48MB","timestamp":"2017-04-04T14:32:08.182Z"}
{"level":"info","message":"Geolevel: 3; zooomlevel: 10; block: 8/10; 21 tile intersects processed; 10 tiles in 0.094 S; 106.38 tiles/S; total: 511 tiles in 29 S; size: 29.92MB","timestamp":"2017-04-04T14:32:08.536Z"}
{"level":"info","message":"Geolevel: 3; zooomlevel: 10; block: 9/10; 16 tile intersects processed; 10 tiles in 0.047 S; 212.77 tiles/S; total: 521 tiles in 29.292 S; size: 30.31MB","timestamp":"2017-04-04T14:32:08.784Z"}
{"level":"info","message":"Geolevel: 3; zooomlevel: 10; block: 10/10; 6 tile intersects processed; 4 tiles in 0.032 S; 125 tiles/S; total: 525 tiles in 29.52 S; size: 30.46MB","timestamp":"2017-04-04T14:32:08.899Z"}
{"level":"info","message":"Geolevel: 3; zooomlevel: 11; block: 1/28; 12 tile intersects processed; 9 tiles in 0.032 S; 281.25 tiles/S; total: 534 tiles in 29.635 S; size: 30.67MB","timestamp":"2017-04-04T14:32:09.028Z"}
{"level":"info","message":"Geolevel: 3; zooomlevel: 11; block: 2/28; 11 tile intersects processed; 10 tiles in 0.031 S; 322.58 tiles/S; total: 544 tiles in 29.764 S; size: 30.86MB","timestamp":"2017-04-04T14:32:09.190Z"}
{"level":"info","message":"Geolevel: 3; zooomlevel: 11; block: 3/28; 21 tile intersects processed; 10 tiles in 0.068 S; 147.06 tiles/S; total: 554 tiles in 29.963 S; size: 31.23MB","timestamp":"2017-04-04T14:32:09.474Z"}
{"level":"info","message":"Geolevel: 3; zooomlevel: 11; block: 4/28; 12 tile intersects processed; 10 tiles in 0.031 S; 322.58 tiles/S; total: 564 tiles in 30.21 S; size: 31.45MB","timestamp":"2017-04-04T14:32:09.619Z"}
{"level":"info","message":"Geolevel: 3; zooomlevel: 11; block: 5/28; 38 tile intersects processed; 10 tiles in 0.051 S; 196.08 tiles/S; total: 574 tiles in 30.375 S; size: 31.89MB","timestamp":"2017-04-04T14:32:09.915Z"}
{"level":"info","message":"Geolevel: 3; zooomlevel: 11; block: 6/28; 22 tile intersects processed; 10 tiles in 0.047 S; 212.77 tiles/S; total: 584 tiles in 30.666 S; size: 32.17MB","timestamp":"2017-04-04T14:32:10.107Z"}
{"level":"info","message":"Geolevel: 3; zooomlevel: 11; block: 7/28; 36 tile intersects processed; 10 tiles in 0.115 S; 86.96 tiles/S; total: 594 tiles in 30.931 S; size: 32.72MB","timestamp":"2017-04-04T14:32:10.660Z"}
{"level":"info","message":"Geolevel: 3; zooomlevel: 11; block: 8/28; 38 tile intersects processed; 10 tiles in 0.031 S; 322.58 tiles/S; total: 604 tiles in 31.399 S; size: 32.96MB","timestamp":"2017-04-04T14:32:10.840Z"}
{"level":"info","message":"Geolevel: 3; zooomlevel: 11; block: 9/28; 34 tile intersects processed; 10 tiles in 0.083 S; 120.48 tiles/S; total: 614 tiles in 31.627 S; size: 33.5MB","timestamp":"2017-04-04T14:32:11.249Z"}
{"level":"info","message":"Geolevel: 3; zooomlevel: 11; block: 10/28; 33 tile intersects processed; 10 tiles in 0.098 S; 102.04 tiles/S; total: 624 tiles in 32.083 S; size: 33.98MB","timestamp":"2017-04-04T14:32:11.707Z"}
{"level":"info","message":"Geolevel: 3; zooomlevel: 11; block: 11/28; 95 tile intersects processed; 10 tiles in 0.084 S; 119.05 tiles/S; total: 634 tiles in 32.511 S; size: 34.49MB","timestamp":"2017-04-04T14:32:12.097Z"}
{"level":"info","message":"Geolevel: 3; zooomlevel: 11; block: 12/28; 19 tile intersects processed; 10 tiles in 0.062 S; 161.29 tiles/S; total: 644 tiles in 32.884 S; size: 34.94MB","timestamp":"2017-04-04T14:32:12.473Z"}
{"level":"info","message":"Geolevel: 3; zooomlevel: 11; block: 13/28; 100 tile intersects processed; 10 tiles in 0.129 S; 77.52 tiles/S; total: 654 tiles in 33.307 S; size: 35.59MB","timestamp":"2017-04-04T14:32:13.008Z"}
{"level":"info","message":"Geolevel: 3; zooomlevel: 11; block: 14/28; 19 tile intersects processed; 10 tiles in 0.062 S; 161.29 tiles/S; total: 664 tiles in 33.796 S; size: 36.05MB","timestamp":"2017-04-04T14:32:13.374Z"}
{"level":"info","message":"Geolevel: 3; zooomlevel: 11; block: 15/28; 61 tile intersects processed; 10 tiles in 0.13 S; 76.92 tiles/S; total: 674 tiles in 34.224 S; size: 36.66MB","timestamp":"2017-04-04T14:32:13.876Z"}
{"level":"info","message":"Geolevel: 3; zooomlevel: 11; block: 16/28; 29 tile intersects processed; 10 tiles in 0.083 S; 120.48 tiles/S; total: 684 tiles in 34.695 S; size: 37.23MB","timestamp":"2017-04-04T14:32:14.300Z"}
{"level":"info","message":"Geolevel: 3; zooomlevel: 11; block: 17/28; 22 tile intersects processed; 10 tiles in 0.101 S; 99.01 tiles/S; total: 694 tiles in 35.122 S; size: 37.75MB","timestamp":"2017-04-04T14:32:14.791Z"}
{"level":"info","message":"Geolevel: 3; zooomlevel: 11; block: 18/28; 55 tile intersects processed; 10 tiles in 0.098 S; 102.04 tiles/S; total: 704 tiles in 35.61 S; size: 38.42MB","timestamp":"2017-04-04T14:32:15.298Z"}
{"level":"info","message":"Geolevel: 3; zooomlevel: 11; block: 19/28; 25 tile intersects processed; 10 tiles in 0.098 S; 102.04 tiles/S; total: 714 tiles in 36.117 S; size: 38.96MB","timestamp":"2017-04-04T14:32:15.786Z"}
{"level":"info","message":"Geolevel: 3; zooomlevel: 11; block: 20/28; 27 tile intersects processed; 10 tiles in 0.067 S; 149.25 tiles/S; total: 724 tiles in 36.573 S; size: 39.45MB","timestamp":"2017-04-04T14:32:16.127Z"}
{"level":"info","message":"Geolevel: 3; zooomlevel: 11; block: 21/28; 17 tile intersects processed; 10 tiles in 0.051 S; 196.08 tiles/S; total: 734 tiles in 36.899 S; size: 39.91MB","timestamp":"2017-04-04T14:32:16.439Z"}
{"level":"info","message":"Geolevel: 3; zooomlevel: 11; block: 22/28; 28 tile intersects processed; 10 tiles in 0.114 S; 87.72 tiles/S; total: 744 tiles in 37.273 S; size: 40.52MB","timestamp":"2017-04-04T14:32:16.974Z"}
{"level":"info","message":"Geolevel: 3; zooomlevel: 11; block: 23/28; 18 tile intersects processed; 10 tiles in 0.08 S; 125 tiles/S; total: 754 tiles in 37.789 S; size: 41.01MB","timestamp":"2017-04-04T14:32:17.358Z"}
{"level":"info","message":"Geolevel: 3; zooomlevel: 11; block: 24/28; 19 tile intersects processed; 10 tiles in 0.068 S; 147.06 tiles/S; total: 764 tiles in 38.146 S; size: 41.54MB","timestamp":"2017-04-04T14:32:17.869Z"}
{"level":"info","message":"Geolevel: 3; zooomlevel: 11; block: 25/28; 12 tile intersects processed; 10 tiles in 0.048 S; 208.33 tiles/S; total: 774 tiles in 38.641 S; size: 41.88MB","timestamp":"2017-04-04T14:32:18.109Z"}
{"level":"info","message":"Geolevel: 3; zooomlevel: 11; block: 26/28; 11 tile intersects processed; 10 tiles in 0.051 S; 196.08 tiles/S; total: 784 tiles in 38.865 S; size: 42.27MB","timestamp":"2017-04-04T14:32:18.352Z"}
{"level":"info","message":"Geolevel: 3; zooomlevel: 11; block: 27/28; 12 tile intersects processed; 10 tiles in 0.047 S; 212.77 tiles/S; total: 794 tiles in 39.124 S; size: 42.63MB","timestamp":"2017-04-04T14:32:18.631Z"}
{"level":"info","message":"Geolevel: 3; zooomlevel: 11; block: 28/28; 5 tile intersects processed; 5 tiles in 0.015 S; 333.33 tiles/S; total: 799 tiles in 39.367 S; size: 42.77MB","timestamp":"2017-04-04T14:32:18.761Z"}
{"level":"info","message":"Creating tile CSV file: C:/Users/Peter/AppData/Local/Temp/shpConvert/fcead270-15ee-46b3-8902-0f38f56bf238/data/pg_t_tiles_sahsu_grd_level4.csv","timestamp":"2017-04-04T14:32:18.792Z"}
{"level":"info","message":"Geolevel: 4; zooomlevel: 0; block: 1/1; 1230 tile intersects processed; 1 tiles in 0.213 S; 4.69 tiles/S; total: 800 tiles in 39.694 S; size: 43.79MB","timestamp":"2017-04-04T14:32:19.835Z"}
{"level":"info","message":"Geolevel: 4; zooomlevel: 1; block: 1/1; 1230 tile intersects processed; 1 tiles in 0.176 S; 5.68 tiles/S; total: 801 tiles in 40.753 S; size: 44.81MB","timestamp":"2017-04-04T14:32:20.942Z"}
{"level":"info","message":"Geolevel: 4; zooomlevel: 2; block: 1/1; 1230 tile intersects processed; 1 tiles in 0.181 S; 5.52 tiles/S; total: 802 tiles in 41.858 S; size: 45.83MB","timestamp":"2017-04-04T14:32:21.970Z"}
{"level":"info","message":"Geolevel: 4; zooomlevel: 3; block: 1/1; 1230 tile intersects processed; 1 tiles in 0.177 S; 5.65 tiles/S; total: 803 tiles in 42.88 S; size: 46.85MB","timestamp":"2017-04-04T14:32:22.967Z"}
{"level":"info","message":"Geolevel: 4; zooomlevel: 4; block: 1/1; 1230 tile intersects processed; 1 tiles in 0.184 S; 5.43 tiles/S; total: 804 tiles in 43.883 S; size: 47.87MB","timestamp":"2017-04-04T14:32:24.013Z"}
{"level":"info","message":"Geolevel: 4; zooomlevel: 5; block: 1/1; 1230 tile intersects processed; 1 tiles in 0.177 S; 5.65 tiles/S; total: 805 tiles in 44.921 S; size: 48.89MB","timestamp":"2017-04-04T14:32:25.047Z"}
{"level":"info","message":"Geolevel: 4; zooomlevel: 6; block: 1/1; 1239 tile intersects processed; 2 tiles in 0.171 S; 11.7 tiles/S; total: 807 tiles in 45.947 S; size: 49.96MB","timestamp":"2017-04-04T14:32:26.049Z"}
{"level":"info","message":"Geolevel: 4; zooomlevel: 7; block: 1/1; 1259 tile intersects processed; 4 tiles in 0.366 S; 10.93 tiles/S; total: 811 tiles in 47.16 S; size: 51.19MB","timestamp":"2017-04-04T14:32:27.607Z"}
{"level":"info","message":"Geolevel: 4; zooomlevel: 8; block: 1/2; 1325 tile intersects processed; 9 tiles in 0.316 S; 28.48 tiles/S; total: 820 tiles in 48.67 S; size: 52.76MB","timestamp":"2017-04-04T14:32:29.070Z"}
{"level":"info","message":"Geolevel: 4; zooomlevel: 8; block: 2/2; 7 tile intersects processed; 2 tiles in 0.012 S; 166.67 tiles/S; total: 822 tiles in 49.857 S; size: 52.82MB","timestamp":"2017-04-04T14:32:29.204Z"}
{"level":"info","message":"Geolevel: 4; zooomlevel: 9; block: 1/3; 452 tile intersects processed; 9 tiles in 0.119 S; 75.63 tiles/S; total: 831 tiles in 50.02 S; size: 53.52MB","timestamp":"2017-04-04T14:32:29.738Z"}
{"level":"info","message":"Geolevel: 4; zooomlevel: 9; block: 2/3; 916 tile intersects processed; 10 tiles in 0.288 S; 34.72 tiles/S; total: 841 tiles in 50.748 S; size: 54.89MB","timestamp":"2017-04-04T14:32:31.039Z"}
{"level":"info","message":"Geolevel: 4; zooomlevel: 9; block: 3/3; 50 tile intersects processed; 10 tiles in 0.078 S; 128.21 tiles/S; total: 851 tiles in 51.889 S; size: 55.33MB","timestamp":"2017-04-04T14:32:31.447Z"}
{"level":"info","message":"Geolevel: 4; zooomlevel: 10; block: 1/10; 20 tile intersects processed; 9 tiles in 0.026 S; 346.15 tiles/S; total: 860 tiles in 52.191 S; size: 55.5MB","timestamp":"2017-04-04T14:32:31.583Z"}
{"level":"info","message":"Geolevel: 4; zooomlevel: 10; block: 2/10; 116 tile intersects processed; 10 tiles in 0.066 S; 151.52 tiles/S; total: 870 tiles in 52.351 S; size: 55.93MB","timestamp":"2017-04-04T14:32:31.906Z"}
{"level":"info","message":"Geolevel: 4; zooomlevel: 10; block: 3/10; 195 tile intersects processed; 10 tiles in 0.115 S; 86.96 tiles/S; total: 880 tiles in 52.735 S; size: 56.48MB","timestamp":"2017-04-04T14:32:32.446Z"}
{"level":"info","message":"Geolevel: 4; zooomlevel: 10; block: 4/10; 312 tile intersects processed; 10 tiles in 0.1 S; 100 tiles/S; total: 890 tiles in 53.264 S; size: 57.11MB","timestamp":"2017-04-04T14:32:32.949Z"}
{"level":"info","message":"Geolevel: 4; zooomlevel: 10; block: 5/10; 568 tile intersects processed; 10 tiles in 0.181 S; 55.25 tiles/S; total: 900 tiles in 53.861 S; size: 57.99MB","timestamp":"2017-04-04T14:32:33.809Z"}
{"level":"info","message":"Geolevel: 4; zooomlevel: 10; block: 6/10; 309 tile intersects processed; 10 tiles in 0.155 S; 64.52 tiles/S; total: 910 tiles in 54.695 S; size: 58.9MB","timestamp":"2017-04-04T14:32:34.635Z"}
{"level":"info","message":"Geolevel: 4; zooomlevel: 10; block: 7/10; 68 tile intersects processed; 10 tiles in 0.095 S; 105.26 tiles/S; total: 920 tiles in 55.473 S; size: 59.51MB","timestamp":"2017-04-04T14:32:35.220Z"}
{"level":"info","message":"Geolevel: 4; zooomlevel: 10; block: 8/10; 32 tile intersects processed; 10 tiles in 0.133 S; 75.19 tiles/S; total: 930 tiles in 56.095 S; size: 59.95MB","timestamp":"2017-04-04T14:32:35.814Z"}
{"level":"info","message":"Geolevel: 4; zooomlevel: 10; block: 9/10; 19 tile intersects processed; 10 tiles in 0.051 S; 196.08 tiles/S; total: 940 tiles in 56.57 S; size: 60.31MB","timestamp":"2017-04-04T14:32:36.223Z"}
{"level":"info","message":"Geolevel: 4; zooomlevel: 10; block: 10/10; 6 tile intersects processed; 4 tiles in 0.033 S; 121.21 tiles/S; total: 944 tiles in 56.989 S; size: 60.43MB","timestamp":"2017-04-04T14:32:36.410Z"}
{"level":"info","message":"Geolevel: 4; zooomlevel: 11; block: 1/29; 21 tile intersects processed; 9 tiles in 0.04 S; 225 tiles/S; total: 953 tiles in 57.152 S; size: 60.6MB","timestamp":"2017-04-04T14:32:36.576Z"}
{"level":"info","message":"Geolevel: 4; zooomlevel: 11; block: 2/29; 12 tile intersects processed; 10 tiles in 0.026 S; 384.62 tiles/S; total: 963 tiles in 57.303 S; size: 60.79MB","timestamp":"2017-04-04T14:32:36.724Z"}
{"level":"info","message":"Geolevel: 4; zooomlevel: 11; block: 3/29; 51 tile intersects processed; 10 tiles in 0.061 S; 163.93 tiles/S; total: 973 tiles in 57.487 S; size: 61.14MB","timestamp":"2017-04-04T14:32:37.020Z"}
{"level":"info","message":"Geolevel: 4; zooomlevel: 11; block: 4/29; 16 tile intersects processed; 10 tiles in 0.031 S; 322.58 tiles/S; total: 983 tiles in 57.758 S; size: 61.36MB","timestamp":"2017-04-04T14:32:37.246Z"}
{"level":"info","message":"Geolevel: 4; zooomlevel: 11; block: 5/29; 95 tile intersects processed; 10 tiles in 0.116 S; 86.21 tiles/S; total: 993 tiles in 58.067 S; size: 61.79MB","timestamp":"2017-04-04T14:32:37.662Z"}
{"level":"info","message":"Geolevel: 4; zooomlevel: 11; block: 6/29; 35 tile intersects processed; 10 tiles in 0.047 S; 212.77 tiles/S; total: 1003 tiles in 58.414 S; size: 62.08MB","timestamp":"2017-04-04T14:32:37.890Z"}
{"level":"info","message":"Geolevel: 4; zooomlevel: 11; block: 7/29; 66 tile intersects processed; 10 tiles in 0.078 S; 128.21 tiles/S; total: 1013 tiles in 58.673 S; size: 62.55MB","timestamp":"2017-04-04T14:32:38.431Z"}
{"level":"info","message":"Geolevel: 4; zooomlevel: 11; block: 8/29; 117 tile intersects processed; 10 tiles in 0.07 S; 142.86 tiles/S; total: 1023 tiles in 59.21 S; size: 62.85MB","timestamp":"2017-04-04T14:32:39.032Z"}
{"level":"info","message":"Geolevel: 4; zooomlevel: 11; block: 9/29; 75 tile intersects processed; 10 tiles in 0.164 S; 60.98 tiles/S; total: 1033 tiles in 59.916 S; size: 63.35MB","timestamp":"2017-04-04T14:32:39.742Z"}
{"level":"info","message":"Geolevel: 4; zooomlevel: 11; block: 10/29; 21 tile intersects processed; 10 tiles in 0.065 S; 153.85 tiles/S; total: 1043 tiles in 60.529 S; size: 63.72MB","timestamp":"2017-04-04T14:32:40.199Z"}
{"level":"info","message":"Geolevel: 4; zooomlevel: 11; block: 11/29; 467 tile intersects processed; 10 tiles in 0.186 S; 53.76 tiles/S; total: 1053 tiles in 61.121 S; size: 64.46MB","timestamp":"2017-04-04T14:32:41.148Z"}
{"level":"info","message":"Geolevel: 4; zooomlevel: 11; block: 12/29; 60 tile intersects processed; 10 tiles in 0.112 S; 89.29 tiles/S; total: 1063 tiles in 62 S; size: 65MB","timestamp":"2017-04-04T14:32:41.838Z"}
{"level":"info","message":"Geolevel: 4; zooomlevel: 11; block: 13/29; 56 tile intersects processed; 10 tiles in 0.078 S; 128.21 tiles/S; total: 1073 tiles in 62.641 S; size: 65.41MB","timestamp":"2017-04-04T14:32:42.314Z"}
{"level":"info","message":"Geolevel: 4; zooomlevel: 11; block: 14/29; 414 tile intersects processed; 10 tiles in 0.218 S; 45.87 tiles/S; total: 1083 tiles in 63.252 S; size: 66.26MB","timestamp":"2017-04-04T14:32:43.481Z"}
{"level":"info","message":"Geolevel: 4; zooomlevel: 11; block: 15/29; 22 tile intersects processed; 10 tiles in 0.088 S; 113.64 tiles/S; total: 1093 tiles in 64.327 S; size: 66.59MB","timestamp":"2017-04-04T14:32:43.997Z"}
{"level":"info","message":"Geolevel: 4; zooomlevel: 11; block: 16/29; 226 tile intersects processed; 10 tiles in 0.183 S; 54.64 tiles/S; total: 1103 tiles in 64.885 S; size: 67.32MB","timestamp":"2017-04-04T14:32:45.224Z"}
{"level":"info","message":"Geolevel: 4; zooomlevel: 11; block: 17/29; 27 tile intersects processed; 10 tiles in 0.079 S; 126.58 tiles/S; total: 1113 tiles in 66.07 S; size: 67.65MB","timestamp":"2017-04-04T14:32:45.749Z"}
{"level":"info","message":"Geolevel: 4; zooomlevel: 11; block: 18/29; 45 tile intersects processed; 10 tiles in 0.129 S; 77.52 tiles/S; total: 1123 tiles in 66.582 S; size: 68.18MB","timestamp":"2017-04-04T14:32:46.534Z"}
{"level":"info","message":"Geolevel: 4; zooomlevel: 11; block: 19/29; 112 tile intersects processed; 10 tiles in 0.145 S; 68.97 tiles/S; total: 1133 tiles in 67.414 S; size: 68.68MB","timestamp":"2017-04-04T14:32:47.271Z"}
{"level":"info","message":"Geolevel: 4; zooomlevel: 11; block: 20/29; 36 tile intersects processed; 10 tiles in 0.139 S; 71.94 tiles/S; total: 1143 tiles in 68.134 S; size: 69.14MB","timestamp":"2017-04-04T14:32:47.886Z"}
{"level":"info","message":"Geolevel: 4; zooomlevel: 11; block: 21/29; 41 tile intersects processed; 10 tiles in 0.084 S; 119.05 tiles/S; total: 1153 tiles in 68.691 S; size: 69.62MB","timestamp":"2017-04-04T14:32:48.395Z"}
{"level":"info","message":"Geolevel: 4; zooomlevel: 11; block: 22/29; 29 tile intersects processed; 10 tiles in 0.086 S; 116.28 tiles/S; total: 1163 tiles in 69.201 S; size: 70.03MB","timestamp":"2017-04-04T14:32:49.136Z"}
{"level":"info","message":"Geolevel: 4; zooomlevel: 11; block: 23/29; 30 tile intersects processed; 10 tiles in 0.171 S; 58.48 tiles/S; total: 1173 tiles in 70.035 S; size: 70.56MB","timestamp":"2017-04-04T14:32:50.392Z"}
{"level":"info","message":"Geolevel: 4; zooomlevel: 11; block: 24/29; 19 tile intersects processed; 10 tiles in 0.174 S; 57.47 tiles/S; total: 1183 tiles in 71.336 S; size: 70.94MB","timestamp":"2017-04-04T14:32:51.137Z"}
{"level":"info","message":"Geolevel: 4; zooomlevel: 11; block: 25/29; 20 tile intersects processed; 10 tiles in 0.071 S; 140.85 tiles/S; total: 1193 tiles in 71.925 S; size: 71.35MB","timestamp":"2017-04-04T14:32:51.559Z"}
{"level":"info","message":"Geolevel: 4; zooomlevel: 11; block: 26/29; 16 tile intersects processed; 10 tiles in 0.085 S; 117.65 tiles/S; total: 1203 tiles in 72.367 S; size: 71.74MB","timestamp":"2017-04-04T14:32:52.137Z"}
{"level":"info","message":"Geolevel: 4; zooomlevel: 11; block: 27/29; 12 tile intersects processed; 10 tiles in 0.051 S; 196.08 tiles/S; total: 1213 tiles in 72.914 S; size: 71.99MB","timestamp":"2017-04-04T14:32:52.630Z"}
{"level":"info","message":"Geolevel: 4; zooomlevel: 11; block: 28/29; 10 tile intersects processed; 10 tiles in 0.09 S; 111.11 tiles/S; total: 1223 tiles in 73.468 S; size: 72.26MB","timestamp":"2017-04-04T14:32:53.199Z"}
{"level":"info","message":"Geolevel: 4; zooomlevel: 11; block: 29/29; 10 tile intersects processed; 8 tiles in 0.064 S; 125 tiles/S; total: 1231 tiles in 73.979 S; size: 72.52MB","timestamp":"2017-04-04T14:32:53.561Z"}
{"level":"info","message":"Created dataLoader XML config [xml]: C:/Users/Peter/AppData/Local/Temp/shpConvert/fcead270-15ee-46b3-8902-0f38f56bf238/sahsuland_geography_metadata.xml >>>\n<?xml version=\"1.0\" encoding=\"UTF-8\" standalone=\"yes\"?>\n<geography_meta_data>\n  <file_path>C:/Users/Peter/AppData/Local/Temp/shpConvert/fcead270-15ee-46b3-8902-0f38f56bf238/sahsuland_geography_metadata.xml</file_path>\n  <geographies>\n    <geography>\n      <name>SAHSULAND</name>\n      <geographical_resolution_level>\n        <order>1</order>\n        <display_name>Level 1 (top level)</display_name>\n        <database_field_name>SAHSU_GRD_LEVEL1</database_field_name>\n      </geographical_resolution_level>\n      <geographical_resolution_level>\n        <order>2</order>\n        <display_name>Level 2</display_name>\n        <database_field_name>SAHSU_GRD_LEVEL2</database_field_name>\n      </geographical_resolution_level>\n      <geographical_resolution_level>\n        <order>3</order>\n        <display_name>Level 3</display_name>\n        <database_field_name>SAHSU_GRD_LEVEL3</database_field_name>\n      </geographical_resolution_level>\n      <geographical_resolution_level>\n        <order>4</order>\n        <display_name>Level 4</display_name>\n        <database_field_name>SAHSU_GRD_LEVEL4</database_field_name>\n      </geographical_resolution_level>\n    </geography>\n  </geographies>\n</geography_meta_data>\n<<< end of XML config [xml]","timestamp":"2017-04-04T14:32:53.597Z"}
{"level":"info","message":"All 6 tests passed, none failed","timestamp":"2017-04-04T14:32:53.694Z"}
{"level":"info","message":"Zoomlevel and geolevel report (null tiles/total tiles)\n           zoomlevel           geolevel_1           geolevel_2           geolevel_3           geolevel_4 \n-------------------- -------------------- -------------------- -------------------- -------------------- \n                   0                  0/1                  0/1                  0/1                  0/1 \n                   1                                       0/1                  0/1                  0/1 \n                   2                                       0/1                  0/1                  0/1 \n                   3                                       0/1                  0/1                  0/1 \n                   4                                       0/1                  0/1                  0/1 \n                   5                                       0/1                  0/1                  0/1 \n                   6                                       0/2                  0/2                  0/2 \n                   7                                       0/4                  0/4                  0/4 \n                   8                                      0/11                 0/11                 0/11 \n                   9                                      0/29                 0/29                 0/29 \n                  10                                      0/92                 0/93                 0/93 \n                  11                                     0/235                0/274                0/287 \n","timestamp":"2017-04-04T14:32:53.885Z"}
{"level":"info","message":"endTransaction(): COMMIT TRANSACTION","timestamp":"2017-04-04T14:32:53.909Z"}
